[0.012s] Invoking command in '/home/ubuntu/Serial-Com/build/Serial-Com': CMAKE_PREFIX_PATH=${CMAKE_PREFIX_PATH}:/opt/ros/jazzy /usr/bin/cmake --build /home/ubuntu/Serial-Com/build/Serial-Com -- -j16 -l16
[0.035s] -- Found ament_cmake: 2.5.3 (/opt/ros/jazzy/share/ament_cmake/cmake)
[0.254s] -- Found ament_lint_auto: 0.17.1 (/opt/ros/jazzy/share/ament_lint_auto/cmake)
[0.321s] WARNING: Package name "Serial-Com" does not follow the naming conventions. It should start with a lower case letter and only contain lower case letters, digits, underscores, and dashes.
[0.361s] -- Added test 'cppcheck' to perform static code analysis on C / C++ code
[0.361s] -- Configured cppcheck include dirs: 
[0.361s] -- Configured cppcheck exclude dirs and/or files: 
[0.363s] -- Added test 'flake8' to check Python code syntax and style conventions
[0.363s] -- Configured 'flake8' exclude dirs and/or files: 
[0.366s] -- Added test 'lint_cmake' to check CMake code style
[0.367s] -- Added test 'pep257' to check Python code against some of the docstring style conventions in PEP 257
[0.379s] -- Added test 'uncrustify' to check C / C++ code style
[0.379s] -- Configured uncrustify additional arguments: 
[0.380s] -- Added test 'xmllint' to check XML markup files
[0.381s] -- Configuring done (0.3s)
[0.384s] -- Generating done (0.0s)
[0.386s] -- Build files have been written to: /home/ubuntu/Serial-Com/build/Serial-Com
[0.406s] Invoked command in '/home/ubuntu/Serial-Com/build/Serial-Com' returned '0': CMAKE_PREFIX_PATH=${CMAKE_PREFIX_PATH}:/opt/ros/jazzy /usr/bin/cmake --build /home/ubuntu/Serial-Com/build/Serial-Com -- -j16 -l16
[0.415s] Invoking command in '/home/ubuntu/Serial-Com/build/Serial-Com': CMAKE_PREFIX_PATH=${CMAKE_PREFIX_PATH}:/opt/ros/jazzy /usr/bin/cmake --install /home/ubuntu/Serial-Com/build/Serial-Com
[0.422s] -- Install configuration: ""
[0.423s] -- Up-to-date: /home/ubuntu/Serial-Com/install/Serial-Com/share/Serial-Com/launch
[0.423s] -- Up-to-date: /home/ubuntu/Serial-Com/install/Serial-Com/share/Serial-Com/launch/keyboard.launch.py
[0.423s] -- Up-to-date: /home/ubuntu/Serial-Com/install/Serial-Com/share/Serial-Com/node
[0.423s] -- Up-to-date: /home/ubuntu/Serial-Com/install/Serial-Com/share/Serial-Com/node/keyboardR_SerialP.cpp
[0.423s] -- Installing: /home/ubuntu/Serial-Com/install/Serial-Com/lib/Serial-Com/keyboardR_SerialP.cpp
[0.426s] -- Installing: /home/ubuntu/Serial-Com/install/Serial-Com/share/ament_index/resource_index/package_run_dependencies/Serial-Com
[0.427s] -- Installing: /home/ubuntu/Serial-Com/install/Serial-Com/share/ament_index/resource_index/parent_prefix_path/Serial-Com
[0.428s] -- Installing: /home/ubuntu/Serial-Com/install/Serial-Com/share/Serial-Com/environment/ament_prefix_path.sh
[0.428s] -- Installing: /home/ubuntu/Serial-Com/install/Serial-Com/share/Serial-Com/environment/ament_prefix_path.dsv
[0.429s] -- Installing: /home/ubuntu/Serial-Com/install/Serial-Com/share/Serial-Com/environment/path.sh
[0.429s] -- Installing: /home/ubuntu/Serial-Com/install/Serial-Com/share/Serial-Com/environment/path.dsv
[0.429s] -- Installing: /home/ubuntu/Serial-Com/install/Serial-Com/share/Serial-Com/local_setup.bash
[0.429s] -- Installing: /home/ubuntu/Serial-Com/install/Serial-Com/share/Serial-Com/local_setup.sh
[0.429s] -- Installing: /home/ubuntu/Serial-Com/install/Serial-Com/share/Serial-Com/local_setup.zsh
[0.429s] -- Installing: /home/ubuntu/Serial-Com/install/Serial-Com/share/Serial-Com/local_setup.dsv
[0.430s] -- Installing: /home/ubuntu/Serial-Com/install/Serial-Com/share/Serial-Com/package.dsv
[0.430s] -- Installing: /home/ubuntu/Serial-Com/install/Serial-Com/share/ament_index/resource_index/packages/Serial-Com
[0.431s] -- Installing: /home/ubuntu/Serial-Com/install/Serial-Com/share/Serial-Com/cmake/Serial-ComConfig.cmake
[0.431s] -- Installing: /home/ubuntu/Serial-Com/install/Serial-Com/share/Serial-Com/cmake/Serial-ComConfig-version.cmake
[0.431s] -- Installing: /home/ubuntu/Serial-Com/install/Serial-Com/share/Serial-Com/package.xml
[0.433s] Invoked command in '/home/ubuntu/Serial-Com/build/Serial-Com' returned '0': CMAKE_PREFIX_PATH=${CMAKE_PREFIX_PATH}:/opt/ros/jazzy /usr/bin/cmake --install /home/ubuntu/Serial-Com/build/Serial-Com
