[0.106s] DEBUG:colcon:Command line arguments: ['/usr/bin/colcon', 'build']
[0.107s] DEBUG:colcon:Parsed command line arguments: Namespace(log_base=None, log_level=None, verb_name='build', build_base='build', install_base='install', merge_install=False, symlink_install=False, test_result_base=None, continue_on_error=False, executor='parallel', parallel_workers=16, event_handlers=None, ignore_user_meta=False, metas=['./colcon.meta'], base_paths=['.'], packages_ignore=None, packages_ignore_regex=None, paths=None, packages_up_to=None, packages_up_to_regex=None, packages_above=None, packages_above_and_dependencies=None, packages_above_depth=None, packages_select_by_dep=None, packages_skip_by_dep=None, packages_skip_up_to=None, packages_select_build_failed=False, packages_skip_build_finished=False, packages_select_test_failures=False, packages_skip_test_passed=False, packages_select=None, packages_skip=None, packages_select_regex=None, packages_skip_regex=None, packages_start=None, packages_end=None, allow_overriding=[], cmake_args=None, cmake_target=None, cmake_target_skip_unavailable=False, cmake_clean_cache=False, cmake_clean_first=False, cmake_force_configure=False, ament_cmake_args=None, catkin_cmake_args=None, catkin_skip_building_tests=False, verb_parser=<colcon_defaults.argument_parser.defaults.DefaultArgumentsDecorator object at 0x7fa768323ad0>, verb_extension=<colcon_core.verb.build.BuildVerb object at 0x7fa76856fc20>, main=<bound method BuildVerb.main of <colcon_core.verb.build.BuildVerb object at 0x7fa76856fc20>>)
[0.143s] Level 1:colcon.colcon_core.package_discovery:discover_packages(colcon_meta) check parameters
[0.143s] Level 1:colcon.colcon_core.package_discovery:discover_packages(recursive) check parameters
[0.143s] Level 1:colcon.colcon_core.package_discovery:discover_packages(ignore) check parameters
[0.143s] Level 1:colcon.colcon_core.package_discovery:discover_packages(path) check parameters
[0.143s] Level 1:colcon.colcon_core.package_discovery:discover_packages(colcon_meta) discover
[0.143s] Level 1:colcon.colcon_core.package_discovery:discover_packages(recursive) discover
[0.143s] INFO:colcon.colcon_core.package_discovery:Crawling recursively for packages in '/home/ubuntu/Serial-Com'
[0.143s] Level 1:colcon.colcon_core.package_identification:_identify(.) by extensions ['ignore', 'ignore_ament_install']
[0.143s] Level 1:colcon.colcon_core.package_identification:_identify(.) by extension 'ignore'
[0.144s] Level 1:colcon.colcon_core.package_identification:_identify(.) by extension 'ignore_ament_install'
[0.144s] Level 1:colcon.colcon_core.package_identification:_identify(.) by extensions ['colcon_pkg']
[0.144s] Level 1:colcon.colcon_core.package_identification:_identify(.) by extension 'colcon_pkg'
[0.144s] Level 1:colcon.colcon_core.package_identification:_identify(.) by extensions ['colcon_meta']
[0.144s] Level 1:colcon.colcon_core.package_identification:_identify(.) by extension 'colcon_meta'
[0.144s] Level 1:colcon.colcon_core.package_identification:_identify(.) by extensions ['ros']
[0.144s] Level 1:colcon.colcon_core.package_identification:_identify(.) by extension 'ros'
[0.171s] DEBUG:colcon.colcon_core.package_identification:Package '.' with type 'ros.ament_cmake' and name 'Serial-Com'
[0.171s] Level 1:colcon.colcon_core.package_discovery:discover_packages(recursive) using defaults
[0.171s] Level 1:colcon.colcon_core.package_discovery:discover_packages(ignore) discover
[0.171s] Level 1:colcon.colcon_core.package_discovery:discover_packages(ignore) using defaults
[0.171s] Level 1:colcon.colcon_core.package_discovery:discover_packages(path) discover
[0.171s] Level 1:colcon.colcon_core.package_discovery:discover_packages(path) using defaults
[0.189s] Level 1:colcon.colcon_core.package_discovery:discover_packages(prefix_path) check parameters
[0.189s] Level 1:colcon.colcon_core.package_discovery:discover_packages(prefix_path) discover
[0.191s] DEBUG:colcon.colcon_installed_package_information.package_discovery:Found 390 installed packages in /opt/ros/jazzy
[0.193s] Level 1:colcon.colcon_core.package_discovery:discover_packages(prefix_path) using defaults
[0.239s] Level 5:colcon.colcon_core.verb:set package 'Serial-Com' build argument 'cmake_args' from command line to 'None'
[0.239s] Level 5:colcon.colcon_core.verb:set package 'Serial-Com' build argument 'cmake_target' from command line to 'None'
[0.239s] Level 5:colcon.colcon_core.verb:set package 'Serial-Com' build argument 'cmake_target_skip_unavailable' from command line to 'False'
[0.239s] Level 5:colcon.colcon_core.verb:set package 'Serial-Com' build argument 'cmake_clean_cache' from command line to 'False'
[0.239s] Level 5:colcon.colcon_core.verb:set package 'Serial-Com' build argument 'cmake_clean_first' from command line to 'False'
[0.239s] Level 5:colcon.colcon_core.verb:set package 'Serial-Com' build argument 'cmake_force_configure' from command line to 'False'
[0.239s] Level 5:colcon.colcon_core.verb:set package 'Serial-Com' build argument 'ament_cmake_args' from command line to 'None'
[0.239s] Level 5:colcon.colcon_core.verb:set package 'Serial-Com' build argument 'catkin_cmake_args' from command line to 'None'
[0.239s] Level 5:colcon.colcon_core.verb:set package 'Serial-Com' build argument 'catkin_skip_building_tests' from command line to 'False'
[0.239s] DEBUG:colcon.colcon_core.verb:Building package 'Serial-Com' with the following arguments: {'ament_cmake_args': None, 'build_base': '/home/ubuntu/Serial-Com/build/Serial-Com', 'catkin_cmake_args': None, 'catkin_skip_building_tests': False, 'cmake_args': None, 'cmake_clean_cache': False, 'cmake_clean_first': False, 'cmake_force_configure': False, 'cmake_target': None, 'cmake_target_skip_unavailable': False, 'install_base': '/home/ubuntu/Serial-Com/install/Serial-Com', 'merge_install': False, 'path': '/home/ubuntu/Serial-Com', 'symlink_install': False, 'test_result_base': None}
[0.239s] INFO:colcon.colcon_core.executor:Executing jobs using 'parallel' executor
[0.240s] DEBUG:colcon.colcon_parallel_executor.executor.parallel:run_until_complete
[0.241s] INFO:colcon.colcon_ros.task.ament_cmake.build:Building ROS package in '/home/ubuntu/Serial-Com' with build type 'ament_cmake'
[0.241s] INFO:colcon.colcon_cmake.task.cmake.build:Building CMake package in '/home/ubuntu/Serial-Com'
[0.243s] INFO:colcon.colcon_core.plugin_system:Skipping extension 'colcon_core.shell.bat': Not used on non-Windows systems
[0.243s] INFO:colcon.colcon_core.shell:Skip shell extension 'powershell' for command environment: Not usable outside of PowerShell
[0.243s] DEBUG:colcon.colcon_core.shell:Skip shell extension 'dsv' for command environment
[0.254s] DEBUG:colcon.colcon_core.event_handler.log_command:Invoking command in '/home/ubuntu/Serial-Com/build/Serial-Com': CMAKE_PREFIX_PATH=${CMAKE_PREFIX_PATH}:/opt/ros/jazzy /usr/bin/cmake --build /home/ubuntu/Serial-Com/build/Serial-Com -- -j16 -l16
[0.647s] DEBUG:colcon.colcon_core.event_handler.log_command:Invoked command in '/home/ubuntu/Serial-Com/build/Serial-Com' returned '0': CMAKE_PREFIX_PATH=${CMAKE_PREFIX_PATH}:/opt/ros/jazzy /usr/bin/cmake --build /home/ubuntu/Serial-Com/build/Serial-Com -- -j16 -l16
[0.656s] DEBUG:colcon.colcon_core.event_handler.log_command:Invoking command in '/home/ubuntu/Serial-Com/build/Serial-Com': CMAKE_PREFIX_PATH=${CMAKE_PREFIX_PATH}:/opt/ros/jazzy /usr/bin/cmake --install /home/ubuntu/Serial-Com/build/Serial-Com
[0.674s] Level 1:colcon.colcon_core.environment:create_environment_scripts_only(Serial-Com)
[0.674s] DEBUG:colcon.colcon_core.event_handler.log_command:Invoked command in '/home/ubuntu/Serial-Com/build/Serial-Com' returned '0': CMAKE_PREFIX_PATH=${CMAKE_PREFIX_PATH}:/opt/ros/jazzy /usr/bin/cmake --install /home/ubuntu/Serial-Com/build/Serial-Com
[0.676s] Level 1:colcon.colcon_core.environment:checking '/home/ubuntu/Serial-Com/install/Serial-Com' for CMake module files
[0.676s] Level 1:colcon.colcon_core.environment:checking '/home/ubuntu/Serial-Com/install/Serial-Com' for CMake config files
[0.677s] Level 1:colcon.colcon_core.shell:create_environment_hook('Serial-Com', 'cmake_prefix_path')
[0.677s] INFO:colcon.colcon_core.shell:Creating environment hook '/home/ubuntu/Serial-Com/install/Serial-Com/share/Serial-Com/hook/cmake_prefix_path.ps1'
[0.678s] INFO:colcon.colcon_core.shell:Creating environment descriptor '/home/ubuntu/Serial-Com/install/Serial-Com/share/Serial-Com/hook/cmake_prefix_path.dsv'
[0.679s] INFO:colcon.colcon_core.shell:Creating environment hook '/home/ubuntu/Serial-Com/install/Serial-Com/share/Serial-Com/hook/cmake_prefix_path.sh'
[0.680s] Level 1:colcon.colcon_core.environment:checking '/home/ubuntu/Serial-Com/install/Serial-Com/lib'
[0.680s] Level 1:colcon.colcon_core.environment:checking '/home/ubuntu/Serial-Com/install/Serial-Com/bin'
[0.680s] Level 1:colcon.colcon_core.environment:checking '/home/ubuntu/Serial-Com/install/Serial-Com/lib/pkgconfig/Serial-Com.pc'
[0.680s] Level 1:colcon.colcon_core.environment:checking '/home/ubuntu/Serial-Com/install/Serial-Com/lib/python3.12/site-packages'
[0.680s] Level 1:colcon.colcon_core.environment:checking '/home/ubuntu/Serial-Com/install/Serial-Com/bin'
[0.681s] INFO:colcon.colcon_core.shell:Creating package script '/home/ubuntu/Serial-Com/install/Serial-Com/share/Serial-Com/package.ps1'
[0.681s] INFO:colcon.colcon_core.shell:Creating package descriptor '/home/ubuntu/Serial-Com/install/Serial-Com/share/Serial-Com/package.dsv'
[0.682s] INFO:colcon.colcon_core.shell:Creating package script '/home/ubuntu/Serial-Com/install/Serial-Com/share/Serial-Com/package.sh'
[0.682s] INFO:colcon.colcon_core.shell:Creating package script '/home/ubuntu/Serial-Com/install/Serial-Com/share/Serial-Com/package.bash'
[0.682s] INFO:colcon.colcon_core.shell:Creating package script '/home/ubuntu/Serial-Com/install/Serial-Com/share/Serial-Com/package.zsh'
[0.683s] Level 1:colcon.colcon_core.environment:create_file_with_runtime_dependencies(/home/ubuntu/Serial-Com/install/Serial-Com/share/colcon-core/packages/Serial-Com)
[0.683s] Level 1:colcon.colcon_core.environment:create_environment_scripts_only(Serial-Com)
[0.684s] Level 1:colcon.colcon_core.environment:checking '/home/ubuntu/Serial-Com/install/Serial-Com' for CMake module files
[0.684s] Level 1:colcon.colcon_core.environment:checking '/home/ubuntu/Serial-Com/install/Serial-Com' for CMake config files
[0.684s] Level 1:colcon.colcon_core.shell:create_environment_hook('Serial-Com', 'cmake_prefix_path')
[0.685s] INFO:colcon.colcon_core.shell:Creating environment hook '/home/ubuntu/Serial-Com/install/Serial-Com/share/Serial-Com/hook/cmake_prefix_path.ps1'
[0.685s] INFO:colcon.colcon_core.shell:Creating environment descriptor '/home/ubuntu/Serial-Com/install/Serial-Com/share/Serial-Com/hook/cmake_prefix_path.dsv'
[0.686s] INFO:colcon.colcon_core.shell:Creating environment hook '/home/ubuntu/Serial-Com/install/Serial-Com/share/Serial-Com/hook/cmake_prefix_path.sh'
[0.686s] Level 1:colcon.colcon_core.environment:checking '/home/ubuntu/Serial-Com/install/Serial-Com/lib'
[0.686s] Level 1:colcon.colcon_core.environment:checking '/home/ubuntu/Serial-Com/install/Serial-Com/bin'
[0.686s] Level 1:colcon.colcon_core.environment:checking '/home/ubuntu/Serial-Com/install/Serial-Com/lib/pkgconfig/Serial-Com.pc'
[0.687s] Level 1:colcon.colcon_core.environment:checking '/home/ubuntu/Serial-Com/install/Serial-Com/lib/python3.12/site-packages'
[0.687s] Level 1:colcon.colcon_core.environment:checking '/home/ubuntu/Serial-Com/install/Serial-Com/bin'
[0.687s] INFO:colcon.colcon_core.shell:Creating package script '/home/ubuntu/Serial-Com/install/Serial-Com/share/Serial-Com/package.ps1'
[0.687s] INFO:colcon.colcon_core.shell:Creating package descriptor '/home/ubuntu/Serial-Com/install/Serial-Com/share/Serial-Com/package.dsv'
[0.688s] INFO:colcon.colcon_core.shell:Creating package script '/home/ubuntu/Serial-Com/install/Serial-Com/share/Serial-Com/package.sh'
[0.688s] INFO:colcon.colcon_core.shell:Creating package script '/home/ubuntu/Serial-Com/install/Serial-Com/share/Serial-Com/package.bash'
[0.688s] INFO:colcon.colcon_core.shell:Creating package script '/home/ubuntu/Serial-Com/install/Serial-Com/share/Serial-Com/package.zsh'
[0.689s] Level 1:colcon.colcon_core.environment:create_file_with_runtime_dependencies(/home/ubuntu/Serial-Com/install/Serial-Com/share/colcon-core/packages/Serial-Com)
[0.689s] DEBUG:colcon.colcon_parallel_executor.executor.parallel:closing loop
[0.690s] DEBUG:colcon.colcon_parallel_executor.executor.parallel:loop closed
[0.690s] DEBUG:colcon.colcon_parallel_executor.executor.parallel:run_until_complete finished with '0'
[0.691s] DEBUG:colcon.colcon_core.event_reactor:joining thread
[0.695s] INFO:colcon.colcon_core.plugin_system:Skipping extension 'colcon_notification.desktop_notification.terminal_notifier': Not used on non-Darwin systems
[0.696s] INFO:colcon.colcon_core.plugin_system:Skipping extension 'colcon_notification.desktop_notification.win32': Not used on non-Windows systems
[0.696s] INFO:colcon.colcon_notification.desktop_notification:Sending desktop notification using 'notify2'
[0.704s] DEBUG:colcon.colcon_core.event_reactor:joined thread
[0.705s] INFO:colcon.colcon_core.shell:Creating prefix script '/home/ubuntu/Serial-Com/install/local_setup.ps1'
[0.707s] INFO:colcon.colcon_core.shell:Creating prefix util module '/home/ubuntu/Serial-Com/install/_local_setup_util_ps1.py'
[0.708s] INFO:colcon.colcon_core.shell:Creating prefix chain script '/home/ubuntu/Serial-Com/install/setup.ps1'
[0.709s] INFO:colcon.colcon_core.shell:Creating prefix script '/home/ubuntu/Serial-Com/install/local_setup.sh'
[0.709s] INFO:colcon.colcon_core.shell:Creating prefix util module '/home/ubuntu/Serial-Com/install/_local_setup_util_sh.py'
[0.710s] INFO:colcon.colcon_core.shell:Creating prefix chain script '/home/ubuntu/Serial-Com/install/setup.sh'
[0.711s] INFO:colcon.colcon_core.shell:Creating prefix script '/home/ubuntu/Serial-Com/install/local_setup.bash'
[0.711s] INFO:colcon.colcon_core.shell:Creating prefix chain script '/home/ubuntu/Serial-Com/install/setup.bash'
[0.712s] INFO:colcon.colcon_core.shell:Creating prefix script '/home/ubuntu/Serial-Com/install/local_setup.zsh'
[0.712s] INFO:colcon.colcon_core.shell:Creating prefix chain script '/home/ubuntu/Serial-Com/install/setup.zsh'
