[0.010s] Invoking command in '/home/ubuntu/Serial-Com/build/Serial-Com': CMAKE_PREFIX_PATH=${CMAKE_PREFIX_PATH}:/opt/ros/jazzy /usr/bin/cmake --build /home/ubuntu/Serial-Com/build/Serial-Com -- -j16 -l16
[0.050s] Invoked command in '/home/ubuntu/Serial-Com/build/Serial-Com' returned '0': CMAKE_PREFIX_PATH=${CMAKE_PREFIX_PATH}:/opt/ros/jazzy /usr/bin/cmake --build /home/ubuntu/Serial-Com/build/Serial-Com -- -j16 -l16
[0.061s] Invoking command in '/home/ubuntu/Serial-Com/build/Serial-Com': CMAKE_PREFIX_PATH=${CMAKE_PREFIX_PATH}:/opt/ros/jazzy /usr/bin/cmake --install /home/ubuntu/Serial-Com/build/Serial-Com
[0.069s] -- Install configuration: ""
[0.069s] -- Execute custom install script
[0.069s] -- Up-to-date symlink: /home/ubuntu/Serial-Com/install/Serial-Com/share/Serial-Com/launch/keyboard.launch.py
[0.069s] -- Up-to-date symlink: /home/ubuntu/Serial-Com/install/Serial-Com/share/Serial-Com/node/keyboardR_SerialP.cpp
[0.070s] -- Up-to-date symlink: /home/ubuntu/Serial-Com/install/Serial-Com/lib/Serial-Com/keyboardR_SerialP.cpp
[0.070s] -- Up-to-date symlink: /home/ubuntu/Serial-Com/install/Serial-Com/share/ament_index/resource_index/package_run_dependencies/Serial-Com
[0.070s] -- Up-to-date symlink: /home/ubuntu/Serial-Com/install/Serial-Com/share/ament_index/resource_index/parent_prefix_path/Serial-Com
[0.070s] -- Up-to-date symlink: /home/ubuntu/Serial-Com/install/Serial-Com/share/Serial-Com/environment/ament_prefix_path.sh
[0.071s] -- Up-to-date symlink: /home/ubuntu/Serial-Com/install/Serial-Com/share/Serial-Com/environment/ament_prefix_path.dsv
[0.071s] -- Up-to-date symlink: /home/ubuntu/Serial-Com/install/Serial-Com/share/Serial-Com/environment/path.sh
[0.071s] -- Up-to-date symlink: /home/ubuntu/Serial-Com/install/Serial-Com/share/Serial-Com/environment/path.dsv
[0.071s] -- Up-to-date symlink: /home/ubuntu/Serial-Com/install/Serial-Com/share/Serial-Com/local_setup.bash
[0.072s] -- Up-to-date symlink: /home/ubuntu/Serial-Com/install/Serial-Com/share/Serial-Com/local_setup.sh
[0.072s] -- Up-to-date symlink: /home/ubuntu/Serial-Com/install/Serial-Com/share/Serial-Com/local_setup.zsh
[0.072s] -- Up-to-date symlink: /home/ubuntu/Serial-Com/install/Serial-Com/share/Serial-Com/local_setup.dsv
[0.072s] -- Symlinking: /home/ubuntu/Serial-Com/install/Serial-Com/share/Serial-Com/package.dsv
[0.081s] -- Up-to-date symlink: /home/ubuntu/Serial-Com/install/Serial-Com/share/ament_index/resource_index/packages/Serial-Com
[0.081s] -- Up-to-date symlink: /home/ubuntu/Serial-Com/install/Serial-Com/share/Serial-Com/cmake/Serial-ComConfig.cmake
[0.081s] -- Up-to-date symlink: /home/ubuntu/Serial-Com/install/Serial-Com/share/Serial-Com/cmake/Serial-ComConfig-version.cmake
[0.081s] -- Up-to-date symlink: /home/ubuntu/Serial-Com/install/Serial-Com/share/Serial-Com/package.xml
[0.083s] Invoked command in '/home/ubuntu/Serial-Com/build/Serial-Com' returned '0': CMAKE_PREFIX_PATH=${CMAKE_PREFIX_PATH}:/opt/ros/jazzy /usr/bin/cmake --install /home/ubuntu/Serial-Com/build/Serial-Com
