[0.016s] Invoking command in '/home/ubuntu/Serial-Com/build/serial-com': CMAKE_PREFIX_PATH=${CMAKE_PREFIX_PATH}:/opt/ros/jazzy /usr/bin/cmake --build /home/ubuntu/Serial-Com/build/serial-com -- -j16 -l16
[0.112s] [ 50%] [32mBuilding CXX object CMakeFiles/keyboardR_SerialP.dir/node/keyboardR_SerialP.cpp.o[0m
[7.726s] [100%] [32m[1mLinking CXX executable keyboardR_SerialP[0m
[8.056s] [100%] Built target keyboardR_SerialP
[8.070s] Invoked command in '/home/ubuntu/Serial-Com/build/serial-com' returned '0': CMAKE_PREFIX_PATH=${CMAKE_PREFIX_PATH}:/opt/ros/jazzy /usr/bin/cmake --build /home/ubuntu/Serial-Com/build/serial-com -- -j16 -l16
[8.080s] Invoking command in '/home/ubuntu/Serial-Com/build/serial-com': CMAKE_PREFIX_PATH=${CMAKE_PREFIX_PATH}:/opt/ros/jazzy /usr/bin/cmake --install /home/ubuntu/Serial-Com/build/serial-com
[8.087s] -- Install configuration: ""
[8.088s] -- Execute custom install script
[8.089s] -- Up-to-date symlink: /home/ubuntu/Serial-Com/install/serial-com/share/serial-com/launch/keyboard.launch.py
[8.089s] -- Up-to-date symlink: /home/ubuntu/Serial-Com/install/serial-com/share/serial-com/node/keyboardR_SerialP.cpp
[8.089s] -- Up-to-date symlink: /home/ubuntu/Serial-Com/install/serial-com/lib/serial-com/keyboardR_SerialP
[8.090s] -- Up-to-date symlink: /home/ubuntu/Serial-Com/install/serial-com/share/ament_index/resource_index/package_run_dependencies/serial-com
[8.090s] -- Up-to-date symlink: /home/ubuntu/Serial-Com/install/serial-com/share/ament_index/resource_index/parent_prefix_path/serial-com
[8.091s] -- Up-to-date symlink: /home/ubuntu/Serial-Com/install/serial-com/share/serial-com/environment/ament_prefix_path.sh
[8.091s] -- Up-to-date symlink: /home/ubuntu/Serial-Com/install/serial-com/share/serial-com/environment/ament_prefix_path.dsv
[8.091s] -- Up-to-date symlink: /home/ubuntu/Serial-Com/install/serial-com/share/serial-com/environment/path.sh
[8.091s] -- Up-to-date symlink: /home/ubuntu/Serial-Com/install/serial-com/share/serial-com/environment/path.dsv
[8.092s] -- Up-to-date symlink: /home/ubuntu/Serial-Com/install/serial-com/share/serial-com/local_setup.bash
[8.092s] -- Up-to-date symlink: /home/ubuntu/Serial-Com/install/serial-com/share/serial-com/local_setup.sh
[8.093s] -- Up-to-date symlink: /home/ubuntu/Serial-Com/install/serial-com/share/serial-com/local_setup.zsh
[8.093s] -- Up-to-date symlink: /home/ubuntu/Serial-Com/install/serial-com/share/serial-com/local_setup.dsv
[8.093s] -- Symlinking: /home/ubuntu/Serial-Com/install/serial-com/share/serial-com/package.dsv
[8.102s] -- Up-to-date symlink: /home/ubuntu/Serial-Com/install/serial-com/share/ament_index/resource_index/packages/serial-com
[8.102s] -- Up-to-date symlink: /home/ubuntu/Serial-Com/install/serial-com/share/serial-com/cmake/serial-comConfig.cmake
[8.103s] -- Up-to-date symlink: /home/ubuntu/Serial-Com/install/serial-com/share/serial-com/cmake/serial-comConfig-version.cmake
[8.103s] -- Up-to-date symlink: /home/ubuntu/Serial-Com/install/serial-com/share/serial-com/package.xml
[8.105s] Invoked command in '/home/ubuntu/Serial-Com/build/serial-com' returned '0': CMAKE_PREFIX_PATH=${CMAKE_PREFIX_PATH}:/opt/ros/jazzy /usr/bin/cmake --install /home/ubuntu/Serial-Com/build/serial-com
