[0.012s] Invoking command in '/home/ubuntu/Serial-Com/build/serial-com': CMAKE_PREFIX_PATH=${CMAKE_PREFIX_PATH}:/opt/ros/jazzy /usr/bin/cmake --build /home/ubuntu/Serial-Com/build/serial-com -- -j16 -l16
[0.073s] [ 50%] [32mBuilding CXX object CMakeFiles/keyboardR_SerialP.dir/node/keyboardR_SerialP.cpp.o[0m
[2.116s] In file included from [01m[K/opt/ros/jazzy/include/rclcpp/rclcpp/logging.hpp:24[m[K,
[2.116s]                  from [01m[K/opt/ros/jazzy/include/rclcpp/rclcpp/copy_all_parameter_values.hpp:27[m[K,
[2.116s]                  from [01m[K/opt/ros/jazzy/include/rclcpp/rclcpp/rclcpp.hpp:171[m[K,
[2.116s]                  from [01m[K/home/ubuntu/Serial-Com/node/keyboardR_SerialP.cpp:10[m[K:
[2.116s] [01m[K/home/ubuntu/Serial-Com/node/keyboardR_SerialP.cpp:[m[K In member function ‘[01m[Kvoid SerialP::[01;32m[KcmdVelCallback[m[K(geometry_msgs::msg::Twist_<std::allocator<void> >::SharedPtr)[m[K’:
[2.116s] [01m[K/home/ubuntu/Serial-Com/node/keyboardR_SerialP.cpp:43:39:[m[K [01;35m[Kwarning: [m[Kformat ‘[01m[K%f[m[K’ expects argument of type ‘[01m[Kdouble[m[K’, but argument 5 has type ‘[01m[Kint[m[K’ [[01;35m[K]8;;https://gcc.gnu.org/onlinedocs/gcc/Warning-Options.html#index-Wformat=-Wformat=]8;;[m[K]
[2.116s]    43 |       RCLCPP_INFO(this->get_logger(), [01;35m[K"success %.2f"[m[K, [32m[Kfd[m[K);
[2.116s]       |                                       [01;35m[K^~~~~~~~~~~~~~[m[K  [32m[K~~[m[K
[2.116s]       |                                                       [32m[K|[m[K
[2.116s]       |                                                       [32m[Kint[m[K
[2.116s] [01m[K/home/ubuntu/Serial-Com/node/keyboardR_SerialP.cpp:43:51:[m[K [01;36m[Knote: [m[Kformat string is defined here
[2.116s]    43 |       RCLCPP_INFO(this->get_logger(), "success [01;36m[K%.2f[m[K", fd);
[2.116s]       |                                                [01;36m[K~~~^[m[K
[2.116s]       |                                                   [01;36m[K|[m[K
[2.116s]       |                                                   [01;36m[Kdouble[m[K
[2.116s]       |                                                [32m[K%.2d[m[K
[5.956s] [100%] [32m[1mLinking CXX executable keyboardR_SerialP[0m
[6.124s] [100%] Built target keyboardR_SerialP
[6.133s] Invoked command in '/home/ubuntu/Serial-Com/build/serial-com' returned '0': CMAKE_PREFIX_PATH=${CMAKE_PREFIX_PATH}:/opt/ros/jazzy /usr/bin/cmake --build /home/ubuntu/Serial-Com/build/serial-com -- -j16 -l16
[6.140s] Invoking command in '/home/ubuntu/Serial-Com/build/serial-com': CMAKE_PREFIX_PATH=${CMAKE_PREFIX_PATH}:/opt/ros/jazzy /usr/bin/cmake --install /home/ubuntu/Serial-Com/build/serial-com
[6.145s] -- Install configuration: ""
[6.146s] -- Execute custom install script
[6.146s] -- Up-to-date symlink: /home/ubuntu/Serial-Com/install/serial-com/share/serial-com/launch/keyboard.launch.py
[6.146s] -- Up-to-date symlink: /home/ubuntu/Serial-Com/install/serial-com/share/serial-com/node/keyboardR_SerialP.cpp
[6.147s] -- Up-to-date symlink: /home/ubuntu/Serial-Com/install/serial-com/lib/serial-com/keyboardR_SerialP
[6.147s] -- Up-to-date symlink: /home/ubuntu/Serial-Com/install/serial-com/share/ament_index/resource_index/package_run_dependencies/serial-com
[6.147s] -- Up-to-date symlink: /home/ubuntu/Serial-Com/install/serial-com/share/ament_index/resource_index/parent_prefix_path/serial-com
[6.147s] -- Up-to-date symlink: /home/ubuntu/Serial-Com/install/serial-com/share/serial-com/environment/ament_prefix_path.sh
[6.148s] -- Up-to-date symlink: /home/ubuntu/Serial-Com/install/serial-com/share/serial-com/environment/ament_prefix_path.dsv
[6.148s] -- Up-to-date symlink: /home/ubuntu/Serial-Com/install/serial-com/share/serial-com/environment/path.sh
[6.148s] -- Up-to-date symlink: /home/ubuntu/Serial-Com/install/serial-com/share/serial-com/environment/path.dsv
[6.148s] -- Up-to-date symlink: /home/ubuntu/Serial-Com/install/serial-com/share/serial-com/local_setup.bash
[6.149s] -- Up-to-date symlink: /home/ubuntu/Serial-Com/install/serial-com/share/serial-com/local_setup.sh
[6.149s] -- Up-to-date symlink: /home/ubuntu/Serial-Com/install/serial-com/share/serial-com/local_setup.zsh
[6.149s] -- Up-to-date symlink: /home/ubuntu/Serial-Com/install/serial-com/share/serial-com/local_setup.dsv
[6.149s] -- Symlinking: /home/ubuntu/Serial-Com/install/serial-com/share/serial-com/package.dsv
[6.156s] -- Up-to-date symlink: /home/ubuntu/Serial-Com/install/serial-com/share/ament_index/resource_index/packages/serial-com
[6.156s] -- Up-to-date symlink: /home/ubuntu/Serial-Com/install/serial-com/share/serial-com/cmake/serial-comConfig.cmake
[6.157s] -- Up-to-date symlink: /home/ubuntu/Serial-Com/install/serial-com/share/serial-com/cmake/serial-comConfig-version.cmake
[6.157s] -- Up-to-date symlink: /home/ubuntu/Serial-Com/install/serial-com/share/serial-com/package.xml
[6.158s] Invoked command in '/home/ubuntu/Serial-Com/build/serial-com' returned '0': CMAKE_PREFIX_PATH=${CMAKE_PREFIX_PATH}:/opt/ros/jazzy /usr/bin/cmake --install /home/ubuntu/Serial-Com/build/serial-com
