[0.011s] Invoking command in '/home/ubuntu/Serial-Com/build/Serial-Com': CMAKE_PREFIX_PATH=${CMAKE_PREFIX_PATH}:/opt/ros/jazzy /usr/bin/cmake --build /home/ubuntu/Serial-Com/build/Serial-Com -- -j16 -l16
[0.037s] -- Found ament_cmake: 2.5.3 (/opt/ros/jazzy/share/ament_cmake/cmake)
[0.260s] -- Override CMake install command with custom implementation using symlinks instead of copying resources
[0.266s] -- Found rclcpp: 28.1.6 (/opt/ros/jazzy/share/rclcpp/cmake)
[0.294s] -- Found rosidl_generator_c: 4.6.5 (/opt/ros/jazzy/share/rosidl_generator_c/cmake)
[0.302s] -- Found rosidl_generator_cpp: 4.6.5 (/opt/ros/jazzy/share/rosidl_generator_cpp/cmake)
[0.313s] -- Using all available rosidl_typesupport_c: rosidl_typesupport_fastrtps_c;rosidl_typesupport_introspection_c
[0.324s] -- Using all available rosidl_typesupport_cpp: rosidl_typesupport_fastrtps_cpp;rosidl_typesupport_introspection_cpp
[0.380s] -- Found rmw_implementation_cmake: 7.3.1 (/opt/ros/jazzy/share/rmw_implementation_cmake/cmake)
[0.381s] -- Found rmw_fastrtps_cpp: 8.4.1 (/opt/ros/jazzy/share/rmw_fastrtps_cpp/cmake)
[0.447s] -- Using RMW implementation 'rmw_fastrtps_cpp' as default
[0.506s] -- Found geometry_msgs: 5.3.5 (/opt/ros/jazzy/share/geometry_msgs/cmake)
[0.538s] -- Found ament_lint_auto: 0.17.1 (/opt/ros/jazzy/share/ament_lint_auto/cmake)
[0.611s] WARNING: Package name "Serial-Com" does not follow the naming conventions. It should start with a lower case letter and only contain lower case letters, digits, underscores, and dashes.
[0.657s] -- Added test 'cppcheck' to perform static code analysis on C / C++ code
[0.657s] -- Configured cppcheck include dirs: 
[0.657s] -- Configured cppcheck exclude dirs and/or files: 
[0.660s] -- Added test 'flake8' to check Python code syntax and style conventions
[0.660s] -- Configured 'flake8' exclude dirs and/or files: 
[0.664s] -- Added test 'lint_cmake' to check CMake code style
[0.667s] -- Added test 'pep257' to check Python code against some of the docstring style conventions in PEP 257
[0.682s] -- Added test 'uncrustify' to check C / C++ code style
[0.682s] -- Configured uncrustify additional arguments: 
[0.685s] -- Added test 'xmllint' to check XML markup files
[0.686s] -- Configuring done (0.7s)
[0.697s] -- Generating done (0.0s)
[0.701s] -- Build files have been written to: /home/ubuntu/Serial-Com/build/Serial-Com
[0.751s] [100%] Built target keyboardR_SerialP
[0.762s] Invoked command in '/home/ubuntu/Serial-Com/build/Serial-Com' returned '0': CMAKE_PREFIX_PATH=${CMAKE_PREFIX_PATH}:/opt/ros/jazzy /usr/bin/cmake --build /home/ubuntu/Serial-Com/build/Serial-Com -- -j16 -l16
[0.773s] Invoking command in '/home/ubuntu/Serial-Com/build/Serial-Com': CMAKE_PREFIX_PATH=${CMAKE_PREFIX_PATH}:/opt/ros/jazzy /usr/bin/cmake --install /home/ubuntu/Serial-Com/build/Serial-Com
[0.781s] -- Install configuration: ""
[0.781s] -- Execute custom install script
[0.781s] -- Up-to-date symlink: /home/ubuntu/Serial-Com/install/Serial-Com/share/Serial-Com/launch/keyboard.launch.py
[0.782s] -- Up-to-date symlink: /home/ubuntu/Serial-Com/install/Serial-Com/share/Serial-Com/node/keyboardR_SerialP.cpp
[0.782s] [31mCMake Error at ament_cmake_symlink_install/ament_cmake_symlink_install.cmake:204 (message):
[0.782s]   ament_cmake_symlink_install_programs() can't find
[0.782s]   '/home/ubuntu/Serial-Com/node/keyboardR_SerialP'
[0.782s] Call Stack (most recent call first):
[0.782s]   ament_cmake_symlink_install/ament_cmake_symlink_install.cmake:317 (ament_cmake_symlink_install_programs)
[0.782s]   cmake_install.cmake:46 (include)
[0.782s] 
[0.782s] [0m
[0.783s] Invoked command in '/home/ubuntu/Serial-Com/build/Serial-Com' returned '1': CMAKE_PREFIX_PATH=${CMAKE_PREFIX_PATH}:/opt/ros/jazzy /usr/bin/cmake --install /home/ubuntu/Serial-Com/build/Serial-Com
