[0.011s] Invoking command in '/home/ubuntu/Serial-Com/build/Serial-Com': CMAKE_PREFIX_PATH=${CMAKE_PREFIX_PATH}:/opt/ros/jazzy /usr/bin/cmake --build /home/ubuntu/Serial-Com/build/Serial-Com -- -j16 -l16
[0.034s] -- Found ament_cmake: 2.5.3 (/opt/ros/jazzy/share/ament_cmake/cmake)
[0.248s] -- Override CMake install command with custom implementation using symlinks instead of copying resources
[0.255s] -- Found ament_lint_auto: 0.17.1 (/opt/ros/jazzy/share/ament_lint_auto/cmake)
[0.321s] WARNING: Package name "Serial-Com" does not follow the naming conventions. It should start with a lower case letter and only contain lower case letters, digits, underscores, and dashes.
[0.355s] -- Added test 'cppcheck' to perform static code analysis on C / C++ code
[0.355s] -- Configured cppcheck include dirs: 
[0.355s] -- Configured cppcheck exclude dirs and/or files: 
[0.357s] -- Added test 'flake8' to check Python code syntax and style conventions
[0.357s] -- Configured 'flake8' exclude dirs and/or files: 
[0.360s] -- Added test 'lint_cmake' to check CMake code style
[0.361s] -- Added test 'pep257' to check Python code against some of the docstring style conventions in PEP 257
[0.372s] -- Added test 'uncrustify' to check C / C++ code style
[0.372s] -- Configured uncrustify additional arguments: 
[0.373s] -- Added test 'xmllint' to check XML markup files
[0.374s] -- Configuring done (0.3s)
[0.375s] [31mCMake Error at CMakeLists.txt:23 (add_executable):
[0.375s]   Cannot find source file:
[0.375s] 
[0.375s]     src/keyboardR_SerialP.cpp
[0.375s] 
[0.376s]   Tried extensions .c .C .c++ .cc .cpp .cxx .cu .mpp .m .M .mm .ixx .cppm
[0.376s]   .ccm .cxxm .c++m .h .hh .h++ .hm .hpp .hxx .in .txx .f .F .for .f77 .f90
[0.376s]   .f95 .f03 .hip .ispc
[0.376s] 
[0.376s] [0m
[0.376s] [31mCMake Error at CMakeLists.txt:23 (add_executable):
[0.376s]   No SOURCES given to target: keyboardR_SerialP
[0.376s] 
[0.376s] [0m
[0.376s] [0mCMake Generate step failed.  Build files cannot be regenerated correctly.[0m
[0.377s] gmake: *** [Makefile:226: cmake_check_build_system] Error 1
[0.380s] Invoked command in '/home/ubuntu/Serial-Com/build/Serial-Com' returned '2': CMAKE_PREFIX_PATH=${CMAKE_PREFIX_PATH}:/opt/ros/jazzy /usr/bin/cmake --build /home/ubuntu/Serial-Com/build/Serial-Com -- -j16 -l16
