[0.116s] DEBUG:colcon:Command line arguments: ['/usr/bin/colcon', 'build', '--symlink-install']
[0.116s] DEBUG:colcon:Parsed command line arguments: Namespace(log_base=None, log_level=None, verb_name='build', build_base='build', install_base='install', merge_install=False, symlink_install=True, test_result_base=None, continue_on_error=False, executor='parallel', parallel_workers=16, event_handlers=None, ignore_user_meta=False, metas=['./colcon.meta'], base_paths=['.'], packages_ignore=None, packages_ignore_regex=None, paths=None, packages_up_to=None, packages_up_to_regex=None, packages_above=None, packages_above_and_dependencies=None, packages_above_depth=None, packages_select_by_dep=None, packages_skip_by_dep=None, packages_skip_up_to=None, packages_select_build_failed=False, packages_skip_build_finished=False, packages_select_test_failures=False, packages_skip_test_passed=False, packages_select=None, packages_skip=None, packages_select_regex=None, packages_skip_regex=None, packages_start=None, packages_end=None, allow_overriding=[], cmake_args=None, cmake_target=None, cmake_target_skip_unavailable=False, cmake_clean_cache=False, cmake_clean_first=False, cmake_force_configure=False, ament_cmake_args=None, catkin_cmake_args=None, catkin_skip_building_tests=False, verb_parser=<colcon_defaults.argument_parser.defaults.DefaultArgumentsDecorator object at 0x7f57cf8e7ad0>, verb_extension=<colcon_core.verb.build.BuildVerb object at 0x7f57cfb62f60>, main=<bound method BuildVerb.main of <colcon_core.verb.build.BuildVerb object at 0x7f57cfb62f60>>)
[0.155s] Level 1:colcon.colcon_core.package_discovery:discover_packages(colcon_meta) check parameters
[0.155s] Level 1:colcon.colcon_core.package_discovery:discover_packages(recursive) check parameters
[0.155s] Level 1:colcon.colcon_core.package_discovery:discover_packages(ignore) check parameters
[0.156s] Level 1:colcon.colcon_core.package_discovery:discover_packages(path) check parameters
[0.156s] Level 1:colcon.colcon_core.package_discovery:discover_packages(colcon_meta) discover
[0.156s] Level 1:colcon.colcon_core.package_discovery:discover_packages(recursive) discover
[0.156s] INFO:colcon.colcon_core.package_discovery:Crawling recursively for packages in '/home/ubuntu/Serial-Com'
[0.156s] Level 1:colcon.colcon_core.package_identification:_identify(.) by extensions ['ignore', 'ignore_ament_install']
[0.156s] Level 1:colcon.colcon_core.package_identification:_identify(.) by extension 'ignore'
[0.156s] Level 1:colcon.colcon_core.package_identification:_identify(.) by extension 'ignore_ament_install'
[0.156s] Level 1:colcon.colcon_core.package_identification:_identify(.) by extensions ['colcon_pkg']
[0.156s] Level 1:colcon.colcon_core.package_identification:_identify(.) by extension 'colcon_pkg'
[0.156s] Level 1:colcon.colcon_core.package_identification:_identify(.) by extensions ['colcon_meta']
[0.156s] Level 1:colcon.colcon_core.package_identification:_identify(.) by extension 'colcon_meta'
[0.156s] Level 1:colcon.colcon_core.package_identification:_identify(.) by extensions ['ros']
[0.156s] Level 1:colcon.colcon_core.package_identification:_identify(.) by extension 'ros'
[0.181s] DEBUG:colcon.colcon_core.package_identification:Package '.' with type 'ros.ament_cmake' and name 'serial-com'
[0.181s] Level 1:colcon.colcon_core.package_discovery:discover_packages(recursive) using defaults
[0.181s] Level 1:colcon.colcon_core.package_discovery:discover_packages(ignore) discover
[0.181s] Level 1:colcon.colcon_core.package_discovery:discover_packages(ignore) using defaults
[0.181s] Level 1:colcon.colcon_core.package_discovery:discover_packages(path) discover
[0.181s] Level 1:colcon.colcon_core.package_discovery:discover_packages(path) using defaults
[0.197s] Level 1:colcon.colcon_core.package_discovery:discover_packages(prefix_path) check parameters
[0.197s] Level 1:colcon.colcon_core.package_discovery:discover_packages(prefix_path) discover
[0.198s] WARNING:colcon.colcon_ros.prefix_path.ament:The path '/home/ubuntu/Serial-Com/install/serial-com' in the environment variable AMENT_PREFIX_PATH doesn't exist
[0.198s] WARNING:colcon.colcon_ros.prefix_path.ament:The path '/home/ubuntu/Serial-Com/install/Serial-Com' in the environment variable AMENT_PREFIX_PATH doesn't exist
[0.198s] WARNING:colcon.colcon_ros.prefix_path.catkin:The path '/home/ubuntu/Serial-Com/install/serial-com' in the environment variable CMAKE_PREFIX_PATH doesn't exist
[0.198s] WARNING:colcon.colcon_ros.prefix_path.catkin:The path '/home/ubuntu/Serial-Com/install/Serial-Com' in the environment variable CMAKE_PREFIX_PATH doesn't exist
[0.199s] DEBUG:colcon.colcon_installed_package_information.package_discovery:Found 0 installed packages in /home/ubuntu/Serial-Com/install
[0.201s] DEBUG:colcon.colcon_installed_package_information.package_discovery:Found 390 installed packages in /opt/ros/jazzy
[0.202s] Level 1:colcon.colcon_core.package_discovery:discover_packages(prefix_path) using defaults
[0.256s] Level 5:colcon.colcon_core.verb:set package 'serial-com' build argument 'cmake_args' from command line to 'None'
[0.256s] Level 5:colcon.colcon_core.verb:set package 'serial-com' build argument 'cmake_target' from command line to 'None'
[0.256s] Level 5:colcon.colcon_core.verb:set package 'serial-com' build argument 'cmake_target_skip_unavailable' from command line to 'False'
[0.256s] Level 5:colcon.colcon_core.verb:set package 'serial-com' build argument 'cmake_clean_cache' from command line to 'False'
[0.256s] Level 5:colcon.colcon_core.verb:set package 'serial-com' build argument 'cmake_clean_first' from command line to 'False'
[0.256s] Level 5:colcon.colcon_core.verb:set package 'serial-com' build argument 'cmake_force_configure' from command line to 'False'
[0.256s] Level 5:colcon.colcon_core.verb:set package 'serial-com' build argument 'ament_cmake_args' from command line to 'None'
[0.256s] Level 5:colcon.colcon_core.verb:set package 'serial-com' build argument 'catkin_cmake_args' from command line to 'None'
[0.256s] Level 5:colcon.colcon_core.verb:set package 'serial-com' build argument 'catkin_skip_building_tests' from command line to 'False'
[0.256s] DEBUG:colcon.colcon_core.verb:Building package 'serial-com' with the following arguments: {'ament_cmake_args': None, 'build_base': '/home/ubuntu/Serial-Com/build/serial-com', 'catkin_cmake_args': None, 'catkin_skip_building_tests': False, 'cmake_args': None, 'cmake_clean_cache': False, 'cmake_clean_first': False, 'cmake_force_configure': False, 'cmake_target': None, 'cmake_target_skip_unavailable': False, 'install_base': '/home/ubuntu/Serial-Com/install/serial-com', 'merge_install': False, 'path': '/home/ubuntu/Serial-Com', 'symlink_install': True, 'test_result_base': None}
[0.256s] INFO:colcon.colcon_core.executor:Executing jobs using 'parallel' executor
[0.258s] DEBUG:colcon.colcon_parallel_executor.executor.parallel:run_until_complete
[0.258s] INFO:colcon.colcon_ros.task.ament_cmake.build:Building ROS package in '/home/ubuntu/Serial-Com' with build type 'ament_cmake'
[0.259s] INFO:colcon.colcon_cmake.task.cmake.build:Building CMake package in '/home/ubuntu/Serial-Com'
[0.262s] INFO:colcon.colcon_core.plugin_system:Skipping extension 'colcon_core.shell.bat': Not used on non-Windows systems
[0.262s] INFO:colcon.colcon_core.shell:Skip shell extension 'powershell' for command environment: Not usable outside of PowerShell
[0.262s] DEBUG:colcon.colcon_core.shell:Skip shell extension 'dsv' for command environment
[0.275s] DEBUG:colcon.colcon_core.event_handler.log_command:Invoking command in '/home/ubuntu/Serial-Com/build/serial-com': CMAKE_PREFIX_PATH=${CMAKE_PREFIX_PATH}:/opt/ros/jazzy /usr/bin/cmake /home/ubuntu/Serial-Com -DAMENT_CMAKE_SYMLINK_INSTALL=1 -DCMAKE_INSTALL_PREFIX=/home/ubuntu/Serial-Com/install/serial-com
[1.622s] DEBUG:colcon.colcon_core.event_handler.log_command:Invoked command in '/home/ubuntu/Serial-Com/build/serial-com' returned '0': CMAKE_PREFIX_PATH=${CMAKE_PREFIX_PATH}:/opt/ros/jazzy /usr/bin/cmake /home/ubuntu/Serial-Com -DAMENT_CMAKE_SYMLINK_INSTALL=1 -DCMAKE_INSTALL_PREFIX=/home/ubuntu/Serial-Com/install/serial-com
[1.623s] DEBUG:colcon.colcon_core.event_handler.log_command:Invoking command in '/home/ubuntu/Serial-Com/build/serial-com': CMAKE_PREFIX_PATH=${CMAKE_PREFIX_PATH}:/opt/ros/jazzy /usr/bin/cmake --build /home/ubuntu/Serial-Com/build/serial-com -- -j16 -l16
[8.978s] DEBUG:colcon.colcon_core.event_handler.log_command:Invoked command in '/home/ubuntu/Serial-Com/build/serial-com' returned '0': CMAKE_PREFIX_PATH=${CMAKE_PREFIX_PATH}:/opt/ros/jazzy /usr/bin/cmake --build /home/ubuntu/Serial-Com/build/serial-com -- -j16 -l16
[8.988s] DEBUG:colcon.colcon_core.event_handler.log_command:Invoking command in '/home/ubuntu/Serial-Com/build/serial-com': CMAKE_PREFIX_PATH=${CMAKE_PREFIX_PATH}:/opt/ros/jazzy /usr/bin/cmake --install /home/ubuntu/Serial-Com/build/serial-com
[9.160s] Level 1:colcon.colcon_core.environment:create_environment_scripts_only(serial-com)
[9.161s] DEBUG:colcon.colcon_core.event_handler.log_command:Invoked command in '/home/ubuntu/Serial-Com/build/serial-com' returned '0': CMAKE_PREFIX_PATH=${CMAKE_PREFIX_PATH}:/opt/ros/jazzy /usr/bin/cmake --install /home/ubuntu/Serial-Com/build/serial-com
[9.163s] Level 1:colcon.colcon_core.environment:checking '/home/ubuntu/Serial-Com/install/serial-com' for CMake module files
[9.164s] Level 1:colcon.colcon_core.environment:checking '/home/ubuntu/Serial-Com/install/serial-com' for CMake config files
[9.164s] Level 1:colcon.colcon_core.shell:create_environment_hook('serial-com', 'cmake_prefix_path')
[9.164s] INFO:colcon.colcon_core.shell:Creating environment hook '/home/ubuntu/Serial-Com/install/serial-com/share/serial-com/hook/cmake_prefix_path.ps1'
[9.165s] INFO:colcon.colcon_core.shell:Creating environment descriptor '/home/ubuntu/Serial-Com/install/serial-com/share/serial-com/hook/cmake_prefix_path.dsv'
[9.165s] INFO:colcon.colcon_core.shell:Creating environment hook '/home/ubuntu/Serial-Com/install/serial-com/share/serial-com/hook/cmake_prefix_path.sh'
[9.166s] Level 1:colcon.colcon_core.environment:checking '/home/ubuntu/Serial-Com/install/serial-com/lib'
[9.166s] Level 1:colcon.colcon_core.environment:checking '/home/ubuntu/Serial-Com/install/serial-com/bin'
[9.166s] Level 1:colcon.colcon_core.environment:checking '/home/ubuntu/Serial-Com/install/serial-com/lib/pkgconfig/serial-com.pc'
[9.167s] Level 1:colcon.colcon_core.environment:checking '/home/ubuntu/Serial-Com/install/serial-com/lib/python3.12/site-packages'
[9.167s] Level 1:colcon.colcon_core.environment:checking '/home/ubuntu/Serial-Com/install/serial-com/bin'
[9.167s] INFO:colcon.colcon_core.shell:Creating package script '/home/ubuntu/Serial-Com/install/serial-com/share/serial-com/package.ps1'
[9.168s] INFO:colcon.colcon_core.shell:Creating package descriptor '/home/ubuntu/Serial-Com/install/serial-com/share/serial-com/package.dsv'
[9.168s] INFO:colcon.colcon_core.shell:Creating package script '/home/ubuntu/Serial-Com/install/serial-com/share/serial-com/package.sh'
[9.169s] INFO:colcon.colcon_core.shell:Creating package script '/home/ubuntu/Serial-Com/install/serial-com/share/serial-com/package.bash'
[9.169s] INFO:colcon.colcon_core.shell:Creating package script '/home/ubuntu/Serial-Com/install/serial-com/share/serial-com/package.zsh'
[9.170s] Level 1:colcon.colcon_core.environment:create_file_with_runtime_dependencies(/home/ubuntu/Serial-Com/install/serial-com/share/colcon-core/packages/serial-com)
[9.172s] Level 1:colcon.colcon_core.environment:create_environment_scripts_only(serial-com)
[9.172s] Level 1:colcon.colcon_core.environment:checking '/home/ubuntu/Serial-Com/install/serial-com' for CMake module files
[9.172s] Level 1:colcon.colcon_core.environment:checking '/home/ubuntu/Serial-Com/install/serial-com' for CMake config files
[9.172s] Level 1:colcon.colcon_core.shell:create_environment_hook('serial-com', 'cmake_prefix_path')
[9.173s] INFO:colcon.colcon_core.shell:Creating environment hook '/home/ubuntu/Serial-Com/install/serial-com/share/serial-com/hook/cmake_prefix_path.ps1'
[9.173s] INFO:colcon.colcon_core.shell:Creating environment descriptor '/home/ubuntu/Serial-Com/install/serial-com/share/serial-com/hook/cmake_prefix_path.dsv'
[9.173s] INFO:colcon.colcon_core.shell:Creating environment hook '/home/ubuntu/Serial-Com/install/serial-com/share/serial-com/hook/cmake_prefix_path.sh'
[9.174s] Level 1:colcon.colcon_core.environment:checking '/home/ubuntu/Serial-Com/install/serial-com/lib'
[9.174s] Level 1:colcon.colcon_core.environment:checking '/home/ubuntu/Serial-Com/install/serial-com/bin'
[9.174s] Level 1:colcon.colcon_core.environment:checking '/home/ubuntu/Serial-Com/install/serial-com/lib/pkgconfig/serial-com.pc'
[9.174s] Level 1:colcon.colcon_core.environment:checking '/home/ubuntu/Serial-Com/install/serial-com/lib/python3.12/site-packages'
[9.174s] Level 1:colcon.colcon_core.environment:checking '/home/ubuntu/Serial-Com/install/serial-com/bin'
[9.175s] INFO:colcon.colcon_core.shell:Creating package script '/home/ubuntu/Serial-Com/install/serial-com/share/serial-com/package.ps1'
[9.175s] INFO:colcon.colcon_core.shell:Creating package descriptor '/home/ubuntu/Serial-Com/install/serial-com/share/serial-com/package.dsv'
[9.176s] INFO:colcon.colcon_core.shell:Creating package script '/home/ubuntu/Serial-Com/install/serial-com/share/serial-com/package.sh'
[9.176s] INFO:colcon.colcon_core.shell:Creating package script '/home/ubuntu/Serial-Com/install/serial-com/share/serial-com/package.bash'
[9.176s] INFO:colcon.colcon_core.shell:Creating package script '/home/ubuntu/Serial-Com/install/serial-com/share/serial-com/package.zsh'
[9.176s] Level 1:colcon.colcon_core.environment:create_file_with_runtime_dependencies(/home/ubuntu/Serial-Com/install/serial-com/share/colcon-core/packages/serial-com)
[9.177s] DEBUG:colcon.colcon_parallel_executor.executor.parallel:closing loop
[9.177s] DEBUG:colcon.colcon_parallel_executor.executor.parallel:loop closed
[9.178s] DEBUG:colcon.colcon_parallel_executor.executor.parallel:run_until_complete finished with '0'
[9.178s] DEBUG:colcon.colcon_core.event_reactor:joining thread
[9.183s] INFO:colcon.colcon_core.plugin_system:Skipping extension 'colcon_notification.desktop_notification.terminal_notifier': Not used on non-Darwin systems
[9.183s] INFO:colcon.colcon_core.plugin_system:Skipping extension 'colcon_notification.desktop_notification.win32': Not used on non-Windows systems
[9.183s] INFO:colcon.colcon_notification.desktop_notification:Sending desktop notification using 'notify2'
[9.359s] DEBUG:colcon.colcon_core.event_reactor:joined thread
[9.360s] INFO:colcon.colcon_core.shell:Creating prefix script '/home/ubuntu/Serial-Com/install/local_setup.ps1'
[9.361s] INFO:colcon.colcon_core.shell:Creating prefix util module '/home/ubuntu/Serial-Com/install/_local_setup_util_ps1.py'
[9.362s] INFO:colcon.colcon_core.shell:Creating prefix chain script '/home/ubuntu/Serial-Com/install/setup.ps1'
[9.362s] INFO:colcon.colcon_core.shell:Creating prefix script '/home/ubuntu/Serial-Com/install/local_setup.sh'
[9.363s] INFO:colcon.colcon_core.shell:Creating prefix util module '/home/ubuntu/Serial-Com/install/_local_setup_util_sh.py'
[9.363s] INFO:colcon.colcon_core.shell:Creating prefix chain script '/home/ubuntu/Serial-Com/install/setup.sh'
[9.364s] INFO:colcon.colcon_core.shell:Creating prefix script '/home/ubuntu/Serial-Com/install/local_setup.bash'
[9.365s] INFO:colcon.colcon_core.shell:Creating prefix chain script '/home/ubuntu/Serial-Com/install/setup.bash'
[9.365s] INFO:colcon.colcon_core.shell:Creating prefix script '/home/ubuntu/Serial-Com/install/local_setup.zsh'
[9.366s] INFO:colcon.colcon_core.shell:Creating prefix chain script '/home/ubuntu/Serial-Com/install/setup.zsh'
