[0.012s] Invoking command in '/home/ubuntu/Serial-Com/build/serial-com': CMAKE_PREFIX_PATH=${CMAKE_PREFIX_PATH}:/opt/ros/jazzy /usr/bin/cmake --build /home/ubuntu/Serial-Com/build/serial-com -- -j16 -l16
[0.035s] -- Found ament_cmake: 2.5.3 (/opt/ros/jazzy/share/ament_cmake/cmake)
[0.234s] -- Override CMake install command with custom implementation using symlinks instead of copying resources
[0.242s] -- Found rclcpp: 28.1.6 (/opt/ros/jazzy/share/rclcpp/cmake)
[0.279s] -- Found rosidl_generator_c: 4.6.5 (/opt/ros/jazzy/share/rosidl_generator_c/cmake)
[0.287s] -- Found rosidl_generator_cpp: 4.6.5 (/opt/ros/jazzy/share/rosidl_generator_cpp/cmake)
[0.298s] -- Using all available rosidl_typesupport_c: rosidl_typesupport_fastrtps_c;rosidl_typesupport_introspection_c
[0.309s] -- Using all available rosidl_typesupport_cpp: rosidl_typesupport_fastrtps_cpp;rosidl_typesupport_introspection_cpp
[0.363s] -- Found rmw_implementation_cmake: 7.3.1 (/opt/ros/jazzy/share/rmw_implementation_cmake/cmake)
[0.364s] -- Found rmw_fastrtps_cpp: 8.4.1 (/opt/ros/jazzy/share/rmw_fastrtps_cpp/cmake)
[0.423s] -- Using RMW implementation 'rmw_fastrtps_cpp' as default
[0.482s] -- Found geometry_msgs: 5.3.5 (/opt/ros/jazzy/share/geometry_msgs/cmake)
[0.510s] -- Found ament_lint_auto: 0.17.1 (/opt/ros/jazzy/share/ament_lint_auto/cmake)
[0.620s] -- Added test 'cppcheck' to perform static code analysis on C / C++ code
[0.620s] -- Configured cppcheck include dirs: 
[0.620s] -- Configured cppcheck exclude dirs and/or files: 
[0.623s] -- Added test 'flake8' to check Python code syntax and style conventions
[0.623s] -- Configured 'flake8' exclude dirs and/or files: 
[0.629s] -- Added test 'lint_cmake' to check CMake code style
[0.632s] -- Added test 'pep257' to check Python code against some of the docstring style conventions in PEP 257
[0.654s] -- Added test 'uncrustify' to check C / C++ code style
[0.654s] -- Configured uncrustify additional arguments: 
[0.657s] -- Added test 'xmllint' to check XML markup files
[0.658s] -- Configuring done (0.6s)
[0.667s] -- Generating done (0.0s)
[0.671s] -- Build files have been written to: /home/ubuntu/Serial-Com/build/serial-com
[0.715s] [100%] Built target keyboardR_SerialP
[0.725s] Invoked command in '/home/ubuntu/Serial-Com/build/serial-com' returned '0': CMAKE_PREFIX_PATH=${CMAKE_PREFIX_PATH}:/opt/ros/jazzy /usr/bin/cmake --build /home/ubuntu/Serial-Com/build/serial-com -- -j16 -l16
[0.733s] Invoking command in '/home/ubuntu/Serial-Com/build/serial-com': CMAKE_PREFIX_PATH=${CMAKE_PREFIX_PATH}:/opt/ros/jazzy /usr/bin/cmake --install /home/ubuntu/Serial-Com/build/serial-com
[0.743s] -- Install configuration: ""
[0.743s] -- Execute custom install script
[0.743s] -- Up-to-date symlink: /home/ubuntu/Serial-Com/install/serial-com/share/serial-com/launch/keyboard.launch.py
[0.744s] -- Up-to-date symlink: /home/ubuntu/Serial-Com/install/serial-com/share/serial-com/node/keyboardR_SerialP.cpp
[0.744s] -- Symlinking: /home/ubuntu/Serial-Com/install/serial-com/lib/serial-com/keyboardR_SerialP
[0.754s] -- Symlinking: /home/ubuntu/Serial-Com/install/serial-com/share/ament_index/resource_index/package_run_dependencies/serial-com
[0.763s] -- Symlinking: /home/ubuntu/Serial-Com/install/serial-com/share/ament_index/resource_index/parent_prefix_path/serial-com
[0.771s] -- Symlinking: /home/ubuntu/Serial-Com/install/serial-com/share/serial-com/environment/ament_prefix_path.sh
[0.780s] -- Symlinking: /home/ubuntu/Serial-Com/install/serial-com/share/serial-com/environment/ament_prefix_path.dsv
[0.788s] -- Symlinking: /home/ubuntu/Serial-Com/install/serial-com/share/serial-com/environment/path.sh
[0.797s] -- Symlinking: /home/ubuntu/Serial-Com/install/serial-com/share/serial-com/environment/path.dsv
[0.807s] -- Symlinking: /home/ubuntu/Serial-Com/install/serial-com/share/serial-com/local_setup.bash
[0.816s] -- Symlinking: /home/ubuntu/Serial-Com/install/serial-com/share/serial-com/local_setup.sh
[0.825s] -- Symlinking: /home/ubuntu/Serial-Com/install/serial-com/share/serial-com/local_setup.zsh
[0.836s] -- Symlinking: /home/ubuntu/Serial-Com/install/serial-com/share/serial-com/local_setup.dsv
[0.847s] -- Symlinking: /home/ubuntu/Serial-Com/install/serial-com/share/serial-com/package.dsv
[0.855s] -- Symlinking: /home/ubuntu/Serial-Com/install/serial-com/share/ament_index/resource_index/packages/serial-com
[0.864s] -- Symlinking: /home/ubuntu/Serial-Com/install/serial-com/share/serial-com/cmake/serial-comConfig.cmake
[0.872s] -- Symlinking: /home/ubuntu/Serial-Com/install/serial-com/share/serial-com/cmake/serial-comConfig-version.cmake
[0.881s] -- Symlinking: /home/ubuntu/Serial-Com/install/serial-com/share/serial-com/package.xml
[0.892s] Invoked command in '/home/ubuntu/Serial-Com/build/serial-com' returned '0': CMAKE_PREFIX_PATH=${CMAKE_PREFIX_PATH}:/opt/ros/jazzy /usr/bin/cmake --install /home/ubuntu/Serial-Com/build/serial-com
