[0.128s] DEBUG:colcon:Command line arguments: ['/usr/bin/colcon', 'build', '--symlink-install']
[0.128s] DEBUG:colcon:Parsed command line arguments: Namespace(log_base=None, log_level=None, verb_name='build', build_base='build', install_base='install', merge_install=False, symlink_install=True, test_result_base=None, continue_on_error=False, executor='parallel', parallel_workers=16, event_handlers=None, ignore_user_meta=False, metas=['./colcon.meta'], base_paths=['.'], packages_ignore=None, packages_ignore_regex=None, paths=None, packages_up_to=None, packages_up_to_regex=None, packages_above=None, packages_above_and_dependencies=None, packages_above_depth=None, packages_select_by_dep=None, packages_skip_by_dep=None, packages_skip_up_to=None, packages_select_build_failed=False, packages_skip_build_finished=False, packages_select_test_failures=False, packages_skip_test_passed=False, packages_select=None, packages_skip=None, packages_select_regex=None, packages_skip_regex=None, packages_start=None, packages_end=None, allow_overriding=[], cmake_args=None, cmake_target=None, cmake_target_skip_unavailable=False, cmake_clean_cache=False, cmake_clean_first=False, cmake_force_configure=False, ament_cmake_args=None, catkin_cmake_args=None, catkin_skip_building_tests=False, verb_parser=<colcon_defaults.argument_parser.defaults.DefaultArgumentsDecorator object at 0x7f739dd4f950>, verb_extension=<colcon_core.verb.build.BuildVerb object at 0x7f739def8680>, main=<bound method BuildVerb.main of <colcon_core.verb.build.BuildVerb object at 0x7f739def8680>>)
[0.161s] Level 1:colcon.colcon_core.package_discovery:discover_packages(colcon_meta) check parameters
[0.161s] Level 1:colcon.colcon_core.package_discovery:discover_packages(recursive) check parameters
[0.161s] Level 1:colcon.colcon_core.package_discovery:discover_packages(ignore) check parameters
[0.161s] Level 1:colcon.colcon_core.package_discovery:discover_packages(path) check parameters
[0.161s] Level 1:colcon.colcon_core.package_discovery:discover_packages(colcon_meta) discover
[0.161s] Level 1:colcon.colcon_core.package_discovery:discover_packages(recursive) discover
[0.161s] INFO:colcon.colcon_core.package_discovery:Crawling recursively for packages in '/home/ubuntu/Serial-Com'
[0.162s] Level 1:colcon.colcon_core.package_identification:_identify(.) by extensions ['ignore', 'ignore_ament_install']
[0.162s] Level 1:colcon.colcon_core.package_identification:_identify(.) by extension 'ignore'
[0.162s] Level 1:colcon.colcon_core.package_identification:_identify(.) by extension 'ignore_ament_install'
[0.162s] Level 1:colcon.colcon_core.package_identification:_identify(.) by extensions ['colcon_pkg']
[0.162s] Level 1:colcon.colcon_core.package_identification:_identify(.) by extension 'colcon_pkg'
[0.162s] Level 1:colcon.colcon_core.package_identification:_identify(.) by extensions ['colcon_meta']
[0.162s] Level 1:colcon.colcon_core.package_identification:_identify(.) by extension 'colcon_meta'
[0.162s] Level 1:colcon.colcon_core.package_identification:_identify(.) by extensions ['ros']
[0.162s] Level 1:colcon.colcon_core.package_identification:_identify(.) by extension 'ros'
[0.188s] DEBUG:colcon.colcon_core.package_identification:Package '.' with type 'ros.ament_cmake' and name 'serial-com'
[0.188s] Level 1:colcon.colcon_core.package_discovery:discover_packages(recursive) using defaults
[0.188s] Level 1:colcon.colcon_core.package_discovery:discover_packages(ignore) discover
[0.188s] Level 1:colcon.colcon_core.package_discovery:discover_packages(ignore) using defaults
[0.188s] Level 1:colcon.colcon_core.package_discovery:discover_packages(path) discover
[0.188s] Level 1:colcon.colcon_core.package_discovery:discover_packages(path) using defaults
[0.203s] Level 1:colcon.colcon_core.package_discovery:discover_packages(prefix_path) check parameters
[0.203s] Level 1:colcon.colcon_core.package_discovery:discover_packages(prefix_path) discover
[0.205s] DEBUG:colcon.colcon_installed_package_information.package_discovery:Found 1 installed packages in /home/ubuntu/Serial-Com/install
[0.206s] DEBUG:colcon.colcon_installed_package_information.package_discovery:Found 390 installed packages in /opt/ros/jazzy
[0.207s] Level 1:colcon.colcon_core.package_discovery:discover_packages(prefix_path) using defaults
[0.253s] Level 5:colcon.colcon_core.verb:set package 'serial-com' build argument 'cmake_args' from command line to 'None'
[0.253s] Level 5:colcon.colcon_core.verb:set package 'serial-com' build argument 'cmake_target' from command line to 'None'
[0.253s] Level 5:colcon.colcon_core.verb:set package 'serial-com' build argument 'cmake_target_skip_unavailable' from command line to 'False'
[0.253s] Level 5:colcon.colcon_core.verb:set package 'serial-com' build argument 'cmake_clean_cache' from command line to 'False'
[0.253s] Level 5:colcon.colcon_core.verb:set package 'serial-com' build argument 'cmake_clean_first' from command line to 'False'
[0.253s] Level 5:colcon.colcon_core.verb:set package 'serial-com' build argument 'cmake_force_configure' from command line to 'False'
[0.253s] Level 5:colcon.colcon_core.verb:set package 'serial-com' build argument 'ament_cmake_args' from command line to 'None'
[0.253s] Level 5:colcon.colcon_core.verb:set package 'serial-com' build argument 'catkin_cmake_args' from command line to 'None'
[0.253s] Level 5:colcon.colcon_core.verb:set package 'serial-com' build argument 'catkin_skip_building_tests' from command line to 'False'
[0.253s] DEBUG:colcon.colcon_core.verb:Building package 'serial-com' with the following arguments: {'ament_cmake_args': None, 'build_base': '/home/ubuntu/Serial-Com/build/serial-com', 'catkin_cmake_args': None, 'catkin_skip_building_tests': False, 'cmake_args': None, 'cmake_clean_cache': False, 'cmake_clean_first': False, 'cmake_force_configure': False, 'cmake_target': None, 'cmake_target_skip_unavailable': False, 'install_base': '/home/ubuntu/Serial-Com/install/serial-com', 'merge_install': False, 'path': '/home/ubuntu/Serial-Com', 'symlink_install': True, 'test_result_base': None}
[0.253s] INFO:colcon.colcon_core.executor:Executing jobs using 'parallel' executor
[0.254s] DEBUG:colcon.colcon_parallel_executor.executor.parallel:run_until_complete
[0.254s] INFO:colcon.colcon_ros.task.ament_cmake.build:Building ROS package in '/home/ubuntu/Serial-Com' with build type 'ament_cmake'
[0.255s] INFO:colcon.colcon_cmake.task.cmake.build:Building CMake package in '/home/ubuntu/Serial-Com'
[0.257s] INFO:colcon.colcon_core.plugin_system:Skipping extension 'colcon_core.shell.bat': Not used on non-Windows systems
[0.258s] INFO:colcon.colcon_core.shell:Skip shell extension 'powershell' for command environment: Not usable outside of PowerShell
[0.258s] DEBUG:colcon.colcon_core.shell:Skip shell extension 'dsv' for command environment
[0.270s] DEBUG:colcon.colcon_core.event_handler.log_command:Invoking command in '/home/ubuntu/Serial-Com/build/serial-com': CMAKE_PREFIX_PATH=${CMAKE_PREFIX_PATH}:/opt/ros/jazzy /usr/bin/cmake --build /home/ubuntu/Serial-Com/build/serial-com -- -j16 -l16
[7.533s] DEBUG:colcon.colcon_core.event_handler.log_command:Invoked command in '/home/ubuntu/Serial-Com/build/serial-com' returned '0': CMAKE_PREFIX_PATH=${CMAKE_PREFIX_PATH}:/opt/ros/jazzy /usr/bin/cmake --build /home/ubuntu/Serial-Com/build/serial-com -- -j16 -l16
[7.542s] DEBUG:colcon.colcon_core.event_handler.log_command:Invoking command in '/home/ubuntu/Serial-Com/build/serial-com': CMAKE_PREFIX_PATH=${CMAKE_PREFIX_PATH}:/opt/ros/jazzy /usr/bin/cmake --install /home/ubuntu/Serial-Com/build/serial-com
[7.562s] Level 1:colcon.colcon_core.environment:create_environment_scripts_only(serial-com)
[7.563s] DEBUG:colcon.colcon_core.event_handler.log_command:Invoked command in '/home/ubuntu/Serial-Com/build/serial-com' returned '0': CMAKE_PREFIX_PATH=${CMAKE_PREFIX_PATH}:/opt/ros/jazzy /usr/bin/cmake --install /home/ubuntu/Serial-Com/build/serial-com
[7.565s] Level 1:colcon.colcon_core.environment:checking '/home/ubuntu/Serial-Com/install/serial-com' for CMake module files
[7.565s] Level 1:colcon.colcon_core.environment:checking '/home/ubuntu/Serial-Com/install/serial-com' for CMake config files
[7.566s] Level 1:colcon.colcon_core.shell:create_environment_hook('serial-com', 'cmake_prefix_path')
[7.566s] INFO:colcon.colcon_core.shell:Creating environment hook '/home/ubuntu/Serial-Com/install/serial-com/share/serial-com/hook/cmake_prefix_path.ps1'
[7.566s] INFO:colcon.colcon_core.shell:Creating environment descriptor '/home/ubuntu/Serial-Com/install/serial-com/share/serial-com/hook/cmake_prefix_path.dsv'
[7.567s] INFO:colcon.colcon_core.shell:Creating environment hook '/home/ubuntu/Serial-Com/install/serial-com/share/serial-com/hook/cmake_prefix_path.sh'
[7.567s] Level 1:colcon.colcon_core.environment:checking '/home/ubuntu/Serial-Com/install/serial-com/lib'
[7.568s] Level 1:colcon.colcon_core.environment:checking '/home/ubuntu/Serial-Com/install/serial-com/bin'
[7.568s] Level 1:colcon.colcon_core.environment:checking '/home/ubuntu/Serial-Com/install/serial-com/lib/pkgconfig/serial-com.pc'
[7.568s] Level 1:colcon.colcon_core.environment:checking '/home/ubuntu/Serial-Com/install/serial-com/lib/python3.12/site-packages'
[7.568s] Level 1:colcon.colcon_core.environment:checking '/home/ubuntu/Serial-Com/install/serial-com/bin'
[7.568s] INFO:colcon.colcon_core.shell:Creating package script '/home/ubuntu/Serial-Com/install/serial-com/share/serial-com/package.ps1'
[7.569s] INFO:colcon.colcon_core.shell:Creating package descriptor '/home/ubuntu/Serial-Com/install/serial-com/share/serial-com/package.dsv'
[7.570s] INFO:colcon.colcon_core.shell:Creating package script '/home/ubuntu/Serial-Com/install/serial-com/share/serial-com/package.sh'
[7.570s] INFO:colcon.colcon_core.shell:Creating package script '/home/ubuntu/Serial-Com/install/serial-com/share/serial-com/package.bash'
[7.571s] INFO:colcon.colcon_core.shell:Creating package script '/home/ubuntu/Serial-Com/install/serial-com/share/serial-com/package.zsh'
[7.571s] Level 1:colcon.colcon_core.environment:create_file_with_runtime_dependencies(/home/ubuntu/Serial-Com/install/serial-com/share/colcon-core/packages/serial-com)
[7.572s] Level 1:colcon.colcon_core.environment:create_environment_scripts_only(serial-com)
[7.572s] Level 1:colcon.colcon_core.environment:checking '/home/ubuntu/Serial-Com/install/serial-com' for CMake module files
[7.572s] Level 1:colcon.colcon_core.environment:checking '/home/ubuntu/Serial-Com/install/serial-com' for CMake config files
[7.573s] Level 1:colcon.colcon_core.shell:create_environment_hook('serial-com', 'cmake_prefix_path')
[7.573s] INFO:colcon.colcon_core.shell:Creating environment hook '/home/ubuntu/Serial-Com/install/serial-com/share/serial-com/hook/cmake_prefix_path.ps1'
[7.573s] INFO:colcon.colcon_core.shell:Creating environment descriptor '/home/ubuntu/Serial-Com/install/serial-com/share/serial-com/hook/cmake_prefix_path.dsv'
[7.573s] INFO:colcon.colcon_core.shell:Creating environment hook '/home/ubuntu/Serial-Com/install/serial-com/share/serial-com/hook/cmake_prefix_path.sh'
[7.574s] Level 1:colcon.colcon_core.environment:checking '/home/ubuntu/Serial-Com/install/serial-com/lib'
[7.574s] Level 1:colcon.colcon_core.environment:checking '/home/ubuntu/Serial-Com/install/serial-com/bin'
[7.574s] Level 1:colcon.colcon_core.environment:checking '/home/ubuntu/Serial-Com/install/serial-com/lib/pkgconfig/serial-com.pc'
[7.574s] Level 1:colcon.colcon_core.environment:checking '/home/ubuntu/Serial-Com/install/serial-com/lib/python3.12/site-packages'
[7.574s] Level 1:colcon.colcon_core.environment:checking '/home/ubuntu/Serial-Com/install/serial-com/bin'
[7.575s] INFO:colcon.colcon_core.shell:Creating package script '/home/ubuntu/Serial-Com/install/serial-com/share/serial-com/package.ps1'
[7.575s] INFO:colcon.colcon_core.shell:Creating package descriptor '/home/ubuntu/Serial-Com/install/serial-com/share/serial-com/package.dsv'
[7.575s] INFO:colcon.colcon_core.shell:Creating package script '/home/ubuntu/Serial-Com/install/serial-com/share/serial-com/package.sh'
[7.576s] INFO:colcon.colcon_core.shell:Creating package script '/home/ubuntu/Serial-Com/install/serial-com/share/serial-com/package.bash'
[7.576s] INFO:colcon.colcon_core.shell:Creating package script '/home/ubuntu/Serial-Com/install/serial-com/share/serial-com/package.zsh'
[7.576s] Level 1:colcon.colcon_core.environment:create_file_with_runtime_dependencies(/home/ubuntu/Serial-Com/install/serial-com/share/colcon-core/packages/serial-com)
[7.577s] DEBUG:colcon.colcon_parallel_executor.executor.parallel:closing loop
[7.578s] DEBUG:colcon.colcon_parallel_executor.executor.parallel:loop closed
[7.578s] DEBUG:colcon.colcon_parallel_executor.executor.parallel:run_until_complete finished with '0'
[7.579s] DEBUG:colcon.colcon_core.event_reactor:joining thread
[7.583s] INFO:colcon.colcon_core.plugin_system:Skipping extension 'colcon_notification.desktop_notification.terminal_notifier': Not used on non-Darwin systems
[7.583s] INFO:colcon.colcon_core.plugin_system:Skipping extension 'colcon_notification.desktop_notification.win32': Not used on non-Windows systems
[7.583s] INFO:colcon.colcon_notification.desktop_notification:Sending desktop notification using 'notify2'
[7.593s] DEBUG:colcon.colcon_core.event_reactor:joined thread
[7.593s] INFO:colcon.colcon_core.shell:Creating prefix script '/home/ubuntu/Serial-Com/install/local_setup.ps1'
[7.594s] INFO:colcon.colcon_core.shell:Creating prefix util module '/home/ubuntu/Serial-Com/install/_local_setup_util_ps1.py'
[7.595s] INFO:colcon.colcon_core.shell:Creating prefix chain script '/home/ubuntu/Serial-Com/install/setup.ps1'
[7.596s] INFO:colcon.colcon_core.shell:Creating prefix script '/home/ubuntu/Serial-Com/install/local_setup.sh'
[7.597s] INFO:colcon.colcon_core.shell:Creating prefix util module '/home/ubuntu/Serial-Com/install/_local_setup_util_sh.py'
[7.599s] INFO:colcon.colcon_core.shell:Creating prefix chain script '/home/ubuntu/Serial-Com/install/setup.sh'
[7.600s] INFO:colcon.colcon_core.shell:Creating prefix script '/home/ubuntu/Serial-Com/install/local_setup.bash'
[7.601s] INFO:colcon.colcon_core.shell:Creating prefix chain script '/home/ubuntu/Serial-Com/install/setup.bash'
[7.602s] INFO:colcon.colcon_core.shell:Creating prefix script '/home/ubuntu/Serial-Com/install/local_setup.zsh'
[7.603s] INFO:colcon.colcon_core.shell:Creating prefix chain script '/home/ubuntu/Serial-Com/install/setup.zsh'
