[0.014s] Invoking command in '/home/ubuntu/Serial-Com/build/Serial-Com': CMAKE_PREFIX_PATH=${CMAKE_PREFIX_PATH}:/opt/ros/jazzy /usr/bin/cmake /home/ubuntu/Serial-Com -DCMAKE_INSTALL_PREFIX=/home/ubuntu/Serial-Com/install/Serial-Com
[0.068s] -- The C compiler identification is GNU 13.3.0
[0.123s] -- The CXX compiler identification is GNU 13.3.0
[0.145s] -- Detecting C compiler ABI info
[0.228s] -- Detecting C compiler ABI info - done
[0.238s] -- Check for working C compiler: /usr/bin/cc - skipped
[0.238s] -- Detecting C compile features
[0.238s] -- Detecting C compile features - done
[0.247s] -- Detecting CXX compiler ABI info
[0.340s] -- Detecting CXX compiler ABI info - done
[0.349s] -- Check for working CXX compiler: /usr/bin/c++ - skipped
[0.349s] -- Detecting CXX compile features
[0.349s] -- Detecting CXX compile features - done
[0.356s] -- Found ament_cmake: 2.5.3 (/opt/ros/jazzy/share/ament_cmake/cmake)
[0.504s] -- Found Python3: /usr/bin/python3 (found version "3.12.3") found components: Interpreter 
[0.647s] -- Found ament_lint_auto: 0.17.1 (/opt/ros/jazzy/share/ament_lint_auto/cmake)
[0.712s] WARNING: Package name "Serial-Com" does not follow the naming conventions. It should start with a lower case letter and only contain lower case letters, digits, underscores, and dashes.
[0.773s] -- Added test 'cppcheck' to perform static code analysis on C / C++ code
[0.773s] -- Configured cppcheck include dirs: 
[0.773s] -- Configured cppcheck exclude dirs and/or files: 
[0.775s] -- Added test 'flake8' to check Python code syntax and style conventions
[0.775s] -- Configured 'flake8' exclude dirs and/or files: 
[0.779s] -- Added test 'lint_cmake' to check CMake code style
[0.782s] -- Added test 'pep257' to check Python code against some of the docstring style conventions in PEP 257
[0.792s] -- Added test 'uncrustify' to check C / C++ code style
[0.793s] -- Configured uncrustify additional arguments: 
[0.795s] -- Added test 'xmllint' to check XML markup files
[0.798s] -- Configuring done (0.8s)
[0.806s] -- Generating done (0.0s)
[0.808s] -- Build files have been written to: /home/ubuntu/Serial-Com/build/Serial-Com
[0.813s] Invoked command in '/home/ubuntu/Serial-Com/build/Serial-Com' returned '0': CMAKE_PREFIX_PATH=${CMAKE_PREFIX_PATH}:/opt/ros/jazzy /usr/bin/cmake /home/ubuntu/Serial-Com -DCMAKE_INSTALL_PREFIX=/home/ubuntu/Serial-Com/install/Serial-Com
[0.815s] Invoking command in '/home/ubuntu/Serial-Com/build/Serial-Com': CMAKE_PREFIX_PATH=${CMAKE_PREFIX_PATH}:/opt/ros/jazzy /usr/bin/cmake --build /home/ubuntu/Serial-Com/build/Serial-Com -- -j16 -l16
[0.850s] Invoked command in '/home/ubuntu/Serial-Com/build/Serial-Com' returned '0': CMAKE_PREFIX_PATH=${CMAKE_PREFIX_PATH}:/opt/ros/jazzy /usr/bin/cmake --build /home/ubuntu/Serial-Com/build/Serial-Com -- -j16 -l16
[0.858s] Invoking command in '/home/ubuntu/Serial-Com/build/Serial-Com': CMAKE_PREFIX_PATH=${CMAKE_PREFIX_PATH}:/opt/ros/jazzy /usr/bin/cmake --install /home/ubuntu/Serial-Com/build/Serial-Com
[0.865s] -- Install configuration: ""
[0.865s] [31mCMake Error at cmake_install.cmake:46 (file):
[0.865s]   file INSTALL cannot find "/home/ubuntu/Serial-Com/config": No such file or
[0.865s]   directory.
[0.866s] 
[0.866s] [0m
[0.867s] Invoked command in '/home/ubuntu/Serial-Com/build/Serial-Com' returned '1': CMAKE_PREFIX_PATH=${CMAKE_PREFIX_PATH}:/opt/ros/jazzy /usr/bin/cmake --install /home/ubuntu/Serial-Com/build/Serial-Com
