-- Found ament_cmake: 2.5.3 (/opt/ros/jazzy/share/ament_cmake/cmake)
-- Override CMake install command with custom implementation using symlinks instead of copying resources
-- Found ament_lint_auto: 0.17.1 (/opt/ros/jazzy/share/ament_lint_auto/cmake)
WARNING: Package name "Serial-Com" does not follow the naming conventions. It should start with a lower case letter and only contain lower case letters, digits, underscores, and dashes.
-- Added test 'cppcheck' to perform static code analysis on C / C++ code
-- Configured cppcheck include dirs: 
-- Configured cppcheck exclude dirs and/or files: 
-- Added test 'flake8' to check Python code syntax and style conventions
-- Configured 'flake8' exclude dirs and/or files: 
-- Added test 'lint_cmake' to check CMake code style
-- Added test 'pep257' to check Python code against some of the docstring style conventions in PEP 257
-- Added test 'uncrustify' to check C / C++ code style
-- Configured uncrustify additional arguments: 
-- Added test 'xmllint' to check XML markup files
-- Configuring done (0.4s)
-- Generating done (0.0s)
-- Build files have been written to: /home/ubuntu/Serial-Com/build/Serial-Com
-- Install configuration: ""
-- Execute custom install script
-- Symlinking: /home/ubuntu/Serial-Com/install/Serial-Com/share/Serial-Com/launch/keyboard.launch.py
-- Symlinking: /home/ubuntu/Serial-Com/install/Serial-Com/share/Serial-Com/node/keyboardR_SerialP.cpp
-- Symlinking: /home/ubuntu/Serial-Com/install/Serial-Com/lib/Serial-Com/keyboardR_SerialP.cpp
-- Symlinking: /home/ubuntu/Serial-Com/install/Serial-Com/share/ament_index/resource_index/package_run_dependencies/Serial-Com
-- Symlinking: /home/ubuntu/Serial-Com/install/Serial-Com/share/ament_index/resource_index/parent_prefix_path/Serial-Com
-- Symlinking: /home/ubuntu/Serial-Com/install/Serial-Com/share/Serial-Com/environment/ament_prefix_path.sh
-- Symlinking: /home/ubuntu/Serial-Com/install/Serial-Com/share/Serial-Com/environment/ament_prefix_path.dsv
-- Symlinking: /home/ubuntu/Serial-Com/install/Serial-Com/share/Serial-Com/environment/path.sh
-- Symlinking: /home/ubuntu/Serial-Com/install/Serial-Com/share/Serial-Com/environment/path.dsv
-- Symlinking: /home/ubuntu/Serial-Com/install/Serial-Com/share/Serial-Com/local_setup.bash
-- Symlinking: /home/ubuntu/Serial-Com/install/Serial-Com/share/Serial-Com/local_setup.sh
-- Symlinking: /home/ubuntu/Serial-Com/install/Serial-Com/share/Serial-Com/local_setup.zsh
-- Symlinking: /home/ubuntu/Serial-Com/install/Serial-Com/share/Serial-Com/local_setup.dsv
-- Symlinking: /home/ubuntu/Serial-Com/install/Serial-Com/share/Serial-Com/package.dsv
-- Symlinking: /home/ubuntu/Serial-Com/install/Serial-Com/share/ament_index/resource_index/packages/Serial-Com
-- Symlinking: /home/ubuntu/Serial-Com/install/Serial-Com/share/Serial-Com/cmake/Serial-ComConfig.cmake
-- Symlinking: /home/ubuntu/Serial-Com/install/Serial-Com/share/Serial-Com/cmake/Serial-ComConfig-version.cmake
-- Symlinking: /home/ubuntu/Serial-Com/install/Serial-Com/share/Serial-Com/package.xml
