-- Found ament_cmake: 2.5.3 (/opt/ros/jazzy/share/ament_cmake/cmake)
-- Found ament_lint_auto: 0.17.1 (/opt/ros/jazzy/share/ament_lint_auto/cmake)
-- Added test 'cppcheck' to perform static code analysis on C / C++ code
-- Configured cppcheck include dirs: 
-- Configured cppcheck exclude dirs and/or files: 
-- Added test 'flake8' to check Python code syntax and style conventions
-- Configured 'flake8' exclude dirs and/or files: 
-- Added test 'lint_cmake' to check CMake code style
-- Added test 'pep257' to check Python code against some of the docstring style conventions in PEP 257
-- Added test 'uncrustify' to check C / C++ code style
-- Configured uncrustify additional arguments: 
-- Added test 'xmllint' to check XML markup files
-- Configuring done (0.3s)
-- Generating done (0.0s)
-- Build files have been written to: /home/ubuntu/Serial-Com/build/Serial-Com
-- Install configuration: ""
-- Installing: /home/ubuntu/Serial-Com/install/Serial-Com/share/Serial-Com/launch
-- Installing: /home/ubuntu/Serial-Com/install/Serial-Com/share/Serial-Com/launch/keyboard.launch.py
-- Installing: /home/ubuntu/Serial-Com/install/Serial-Com/share/Serial-Com/node
-- Installing: /home/ubuntu/Serial-Com/install/Serial-Com/share/Serial-Com/node/keyboardR_SerialP.cpp
