[0.010s] Invoking command in '/home/ubuntu/Serial-Com/build/Serial-Com': CMAKE_PREFIX_PATH=${CMAKE_PREFIX_PATH}:/opt/ros/jazzy /usr/bin/cmake --build /home/ubuntu/Serial-Com/build/Serial-Com -- -j16 -l16
[0.031s] -- Found ament_cmake: 2.5.3 (/opt/ros/jazzy/share/ament_cmake/cmake)
[0.234s] -- Override CMake install command with custom implementation using symlinks instead of copying resources
[0.242s] -- Found ament_lint_auto: 0.17.1 (/opt/ros/jazzy/share/ament_lint_auto/cmake)
[0.308s] WARNING: Package name "Serial-Com" does not follow the naming conventions. It should start with a lower case letter and only contain lower case letters, digits, underscores, and dashes.
[0.339s] -- Added test 'cppcheck' to perform static code analysis on C / C++ code
[0.339s] -- Configured cppcheck include dirs: 
[0.339s] -- Configured cppcheck exclude dirs and/or files: 
[0.341s] -- Added test 'flake8' to check Python code syntax and style conventions
[0.341s] -- Configured 'flake8' exclude dirs and/or files: 
[0.345s] -- Added test 'lint_cmake' to check CMake code style
[0.347s] -- Added test 'pep257' to check Python code against some of the docstring style conventions in PEP 257
[0.358s] -- Added test 'uncrustify' to check C / C++ code style
[0.358s] -- Configured uncrustify additional arguments: 
[0.359s] -- Added test 'xmllint' to check XML markup files
[0.360s] -- Configuring done (0.3s)
[0.367s] -- Generating done (0.0s)
[0.369s] -- Build files have been written to: /home/ubuntu/Serial-Com/build/Serial-Com
[0.395s] [ 50%] [32mBuilding CXX object CMakeFiles/keyboardR_SerialP.dir/node/keyboardR_SerialP.cpp.o[0m
[0.480s] [01m[K/home/ubuntu/Serial-Com/node/keyboardR_SerialP.cpp:4:10:[m[K [01;31m[Kfatal error: [m[Krclcpp/rclcpp.hpp: No such file or directory
[0.481s]     4 | #include [01;31m[K"rclcpp/rclcpp.hpp"[m[K
[0.481s]       |          [01;31m[K^~~~~~~~~~~~~~~~~~~[m[K
[0.481s] compilation terminated.
[0.482s] gmake[2]: *** [CMakeFiles/keyboardR_SerialP.dir/build.make:76: CMakeFiles/keyboardR_SerialP.dir/node/keyboardR_SerialP.cpp.o] Error 1
[0.483s] gmake[1]: *** [CMakeFiles/Makefile2:137: CMakeFiles/keyboardR_SerialP.dir/all] Error 2
[0.483s] gmake: *** [Makefile:146: all] Error 2
[0.484s] Invoked command in '/home/ubuntu/Serial-Com/build/Serial-Com' returned '2': CMAKE_PREFIX_PATH=${CMAKE_PREFIX_PATH}:/opt/ros/jazzy /usr/bin/cmake --build /home/ubuntu/Serial-Com/build/Serial-Com -- -j16 -l16
