[0.012s] Invoking command in '/home/ubuntu/Serial-Com/build/Serial-Com': CMAKE_PREFIX_PATH=${CMAKE_PREFIX_PATH}:/opt/ros/jazzy /usr/bin/cmake --build /home/ubuntu/Serial-Com/build/Serial-Com -- -j16 -l16
[0.035s] -- Found ament_cmake: 2.5.3 (/opt/ros/jazzy/share/ament_cmake/cmake)
[0.245s] -- Override CMake install command with custom implementation using symlinks instead of copying resources
[0.252s] -- Found rclcpp: 28.1.6 (/opt/ros/jazzy/share/rclcpp/cmake)
[0.279s] -- Found rosidl_generator_c: 4.6.5 (/opt/ros/jazzy/share/rosidl_generator_c/cmake)
[0.287s] -- Found rosidl_generator_cpp: 4.6.5 (/opt/ros/jazzy/share/rosidl_generator_cpp/cmake)
[0.297s] -- Using all available rosidl_typesupport_c: rosidl_typesupport_fastrtps_c;rosidl_typesupport_introspection_c
[0.308s] -- Using all available rosidl_typesupport_cpp: rosidl_typesupport_fastrtps_cpp;rosidl_typesupport_introspection_cpp
[0.362s] -- Found rmw_implementation_cmake: 7.3.1 (/opt/ros/jazzy/share/rmw_implementation_cmake/cmake)
[0.363s] -- Found rmw_fastrtps_cpp: 8.4.1 (/opt/ros/jazzy/share/rmw_fastrtps_cpp/cmake)
[0.422s] -- Using RMW implementation 'rmw_fastrtps_cpp' as default
[0.480s] -- Found ament_lint_auto: 0.17.1 (/opt/ros/jazzy/share/ament_lint_auto/cmake)
[0.546s] WARNING: Package name "Serial-Com" does not follow the naming conventions. It should start with a lower case letter and only contain lower case letters, digits, underscores, and dashes.
[0.579s] -- Added test 'cppcheck' to perform static code analysis on C / C++ code
[0.580s] -- Configured cppcheck include dirs: 
[0.580s] -- Configured cppcheck exclude dirs and/or files: 
[0.582s] -- Added test 'flake8' to check Python code syntax and style conventions
[0.582s] -- Configured 'flake8' exclude dirs and/or files: 
[0.585s] -- Added test 'lint_cmake' to check CMake code style
[0.587s] -- Added test 'pep257' to check Python code against some of the docstring style conventions in PEP 257
[0.599s] -- Added test 'uncrustify' to check C / C++ code style
[0.599s] -- Configured uncrustify additional arguments: 
[0.601s] -- Added test 'xmllint' to check XML markup files
[0.603s] -- Configuring done (0.6s)
[0.612s] -- Generating done (0.0s)
[0.615s] -- Build files have been written to: /home/ubuntu/Serial-Com/build/Serial-Com
[0.651s] [ 50%] [32mBuilding CXX object CMakeFiles/keyboardR_SerialP.dir/node/keyboardR_SerialP.cpp.o[0m
[0.993s] [01m[K/home/ubuntu/Serial-Com/node/keyboardR_SerialP.cpp:5:10:[m[K [01;31m[Kfatal error: [m[Kstd_msgs/msg/string.hpp: No such file or directory
[0.993s]     5 | #include [01;31m[K"std_msgs/msg/string.hpp"[m[K
[0.993s]       |          [01;31m[K^~~~~~~~~~~~~~~~~~~~~~~~~[m[K
[0.993s] compilation terminated.
[0.995s] gmake[2]: *** [CMakeFiles/keyboardR_SerialP.dir/build.make:76: CMakeFiles/keyboardR_SerialP.dir/node/keyboardR_SerialP.cpp.o] Error 1
[0.995s] gmake[1]: *** [CMakeFiles/Makefile2:137: CMakeFiles/keyboardR_SerialP.dir/all] Error 2
[0.995s] gmake: *** [Makefile:146: all] Error 2
[0.998s] Invoked command in '/home/ubuntu/Serial-Com/build/Serial-Com' returned '2': CMAKE_PREFIX_PATH=${CMAKE_PREFIX_PATH}:/opt/ros/jazzy /usr/bin/cmake --build /home/ubuntu/Serial-Com/build/Serial-Com -- -j16 -l16
