[100%] Built target keyboardR_SerialP
-- Install configuration: ""
-- Execute custom install script
-- Up-to-date symlink: /home/ubuntu/Serial-Com/install/serial-com/share/serial-com/launch/keyboard.launch.py
-- Up-to-date symlink: /home/ubuntu/Serial-Com/install/serial-com/share/serial-com/node/keyboardR_SerialP.cpp
-- Up-to-date symlink: /home/ubuntu/Serial-Com/install/serial-com/lib/serial-com/keyboardR_SerialP
-- Up-to-date symlink: /home/ubuntu/Serial-Com/install/serial-com/share/ament_index/resource_index/package_run_dependencies/serial-com
-- Up-to-date symlink: /home/ubuntu/Serial-Com/install/serial-com/share/ament_index/resource_index/parent_prefix_path/serial-com
-- Up-to-date symlink: /home/ubuntu/Serial-Com/install/serial-com/share/serial-com/environment/ament_prefix_path.sh
-- Up-to-date symlink: /home/ubuntu/Serial-Com/install/serial-com/share/serial-com/environment/ament_prefix_path.dsv
-- Up-to-date symlink: /home/ubuntu/Serial-Com/install/serial-com/share/serial-com/environment/path.sh
-- Up-to-date symlink: /home/ubuntu/Serial-Com/install/serial-com/share/serial-com/environment/path.dsv
-- Up-to-date symlink: /home/ubuntu/Serial-Com/install/serial-com/share/serial-com/local_setup.bash
-- Up-to-date symlink: /home/ubuntu/Serial-Com/install/serial-com/share/serial-com/local_setup.sh
-- Up-to-date symlink: /home/ubuntu/Serial-Com/install/serial-com/share/serial-com/local_setup.zsh
-- Up-to-date symlink: /home/ubuntu/Serial-Com/install/serial-com/share/serial-com/local_setup.dsv
-- Symlinking: /home/ubuntu/Serial-Com/install/serial-com/share/serial-com/package.dsv
-- Up-to-date symlink: /home/ubuntu/Serial-Com/install/serial-com/share/ament_index/resource_index/packages/serial-com
-- Up-to-date symlink: /home/ubuntu/Serial-Com/install/serial-com/share/serial-com/cmake/serial-comConfig.cmake
-- Up-to-date symlink: /home/ubuntu/Serial-Com/install/serial-com/share/serial-com/cmake/serial-comConfig-version.cmake
-- Up-to-date symlink: /home/ubuntu/Serial-Com/install/serial-com/share/serial-com/package.xml
