[0.013s] Invoking command in '/home/ubuntu/Serial-Com/build/serial-com': CMAKE_PREFIX_PATH=${CMAKE_PREFIX_PATH}:/opt/ros/jazzy /usr/bin/cmake --build /home/ubuntu/Serial-Com/build/serial-com -- -j16 -l16
[0.073s] [100%] Built target keyboardR_SerialP
[0.084s] Invoked command in '/home/ubuntu/Serial-Com/build/serial-com' returned '0': CMAKE_PREFIX_PATH=${CMAKE_PREFIX_PATH}:/opt/ros/jazzy /usr/bin/cmake --build /home/ubuntu/Serial-Com/build/serial-com -- -j16 -l16
[0.093s] Invoking command in '/home/ubuntu/Serial-Com/build/serial-com': CMAKE_PREFIX_PATH=${CMAKE_PREFIX_PATH}:/opt/ros/jazzy /usr/bin/cmake --install /home/ubuntu/Serial-Com/build/serial-com
[0.101s] -- Install configuration: ""
[0.101s] -- Execute custom install script
[0.102s] -- Up-to-date symlink: /home/ubuntu/Serial-Com/install/serial-com/share/serial-com/launch/keyboard.launch.py
[0.102s] -- Up-to-date symlink: /home/ubuntu/Serial-Com/install/serial-com/share/serial-com/node/keyboardR_SerialP.cpp
[0.102s] -- Up-to-date symlink: /home/ubuntu/Serial-Com/install/serial-com/lib/serial-com/keyboardR_SerialP
[0.103s] -- Up-to-date symlink: /home/ubuntu/Serial-Com/install/serial-com/share/ament_index/resource_index/package_run_dependencies/serial-com
[0.103s] -- Up-to-date symlink: /home/ubuntu/Serial-Com/install/serial-com/share/ament_index/resource_index/parent_prefix_path/serial-com
[0.103s] -- Up-to-date symlink: /home/ubuntu/Serial-Com/install/serial-com/share/serial-com/environment/ament_prefix_path.sh
[0.104s] -- Up-to-date symlink: /home/ubuntu/Serial-Com/install/serial-com/share/serial-com/environment/ament_prefix_path.dsv
[0.104s] -- Up-to-date symlink: /home/ubuntu/Serial-Com/install/serial-com/share/serial-com/environment/path.sh
[0.104s] -- Up-to-date symlink: /home/ubuntu/Serial-Com/install/serial-com/share/serial-com/environment/path.dsv
[0.104s] -- Up-to-date symlink: /home/ubuntu/Serial-Com/install/serial-com/share/serial-com/local_setup.bash
[0.105s] -- Up-to-date symlink: /home/ubuntu/Serial-Com/install/serial-com/share/serial-com/local_setup.sh
[0.105s] -- Up-to-date symlink: /home/ubuntu/Serial-Com/install/serial-com/share/serial-com/local_setup.zsh
[0.105s] -- Up-to-date symlink: /home/ubuntu/Serial-Com/install/serial-com/share/serial-com/local_setup.dsv
[0.105s] -- Symlinking: /home/ubuntu/Serial-Com/install/serial-com/share/serial-com/package.dsv
[0.116s] -- Up-to-date symlink: /home/ubuntu/Serial-Com/install/serial-com/share/ament_index/resource_index/packages/serial-com
[0.116s] -- Up-to-date symlink: /home/ubuntu/Serial-Com/install/serial-com/share/serial-com/cmake/serial-comConfig.cmake
[0.116s] -- Up-to-date symlink: /home/ubuntu/Serial-Com/install/serial-com/share/serial-com/cmake/serial-comConfig-version.cmake
[0.116s] -- Up-to-date symlink: /home/ubuntu/Serial-Com/install/serial-com/share/serial-com/package.xml
[0.118s] Invoked command in '/home/ubuntu/Serial-Com/build/serial-com' returned '0': CMAKE_PREFIX_PATH=${CMAKE_PREFIX_PATH}:/opt/ros/jazzy /usr/bin/cmake --install /home/ubuntu/Serial-Com/build/serial-com
