[0.015s] Invoking command in '/home/ubuntu/Serial-Com/build/Serial-Com': CMAKE_PREFIX_PATH=${CMAKE_PREFIX_PATH}:/opt/ros/jazzy /usr/bin/cmake --build /home/ubuntu/Serial-Com/build/Serial-Com -- -j16 -l16
[0.037s] -- Found ament_cmake: 2.5.3 (/opt/ros/jazzy/share/ament_cmake/cmake)
[0.275s] -- Found ament_lint_auto: 0.17.1 (/opt/ros/jazzy/share/ament_lint_auto/cmake)
[0.350s] WARNING: Package name "Serial-Com" does not follow the naming conventions. It should start with a lower case letter and only contain lower case letters, digits, underscores, and dashes.
[0.380s] -- Added test 'cppcheck' to perform static code analysis on C / C++ code
[0.380s] -- Configured cppcheck include dirs: 
[0.380s] -- Configured cppcheck exclude dirs and/or files: 
[0.382s] -- Added test 'flake8' to check Python code syntax and style conventions
[0.382s] -- Configured 'flake8' exclude dirs and/or files: 
[0.385s] -- Added test 'lint_cmake' to check CMake code style
[0.387s] -- Added test 'pep257' to check Python code against some of the docstring style conventions in PEP 257
[0.399s] -- Added test 'uncrustify' to check C / C++ code style
[0.399s] -- Configured uncrustify additional arguments: 
[0.402s] -- Added test 'xmllint' to check XML markup files
[0.403s] -- Configuring done (0.4s)
[0.407s] -- Generating done (0.0s)
[0.408s] -- Build files have been written to: /home/ubuntu/Serial-Com/build/Serial-Com
[0.428s] Invoked command in '/home/ubuntu/Serial-Com/build/Serial-Com' returned '0': CMAKE_PREFIX_PATH=${CMAKE_PREFIX_PATH}:/opt/ros/jazzy /usr/bin/cmake --build /home/ubuntu/Serial-Com/build/Serial-Com -- -j16 -l16
[0.440s] Invoking command in '/home/ubuntu/Serial-Com/build/Serial-Com': CMAKE_PREFIX_PATH=${CMAKE_PREFIX_PATH}:/opt/ros/jazzy /usr/bin/cmake --install /home/ubuntu/Serial-Com/build/Serial-Com
[0.448s] -- Install configuration: ""
[0.448s] -- Up-to-date: /home/ubuntu/Serial-Com/install/Serial-Com/share/Serial-Com/launch
[0.448s] -- Up-to-date: /home/ubuntu/Serial-Com/install/Serial-Com/share/Serial-Com/launch/keyboard.launch.py
[0.448s] -- Up-to-date: /home/ubuntu/Serial-Com/install/Serial-Com/share/Serial-Com/node
[0.448s] -- Up-to-date: /home/ubuntu/Serial-Com/install/Serial-Com/share/Serial-Com/node/keyboardR_SerialP.cpp
[0.448s] [31mCMake Error at cmake_install.cmake:53 (file):
[0.448s]   file INSTALL cannot find
[0.448s]   "/home/ubuntu/Serial-Com/node/keyboardR_SerialP.py": No such file or
[0.449s]   directory.
[0.449s] 
[0.449s] [0m
[0.450s] Invoked command in '/home/ubuntu/Serial-Com/build/Serial-Com' returned '1': CMAKE_PREFIX_PATH=${CMAKE_PREFIX_PATH}:/opt/ros/jazzy /usr/bin/cmake --install /home/ubuntu/Serial-Com/build/Serial-Com
