[0.204s] DEBUG:colcon:Command line arguments: ['/usr/bin/colcon', 'build', '--symlink-install']
[0.204s] DEBUG:colcon:Parsed command line arguments: Namespace(log_base=None, log_level=None, verb_name='build', build_base='build', install_base='install', merge_install=False, symlink_install=True, test_result_base=None, continue_on_error=False, executor='parallel', parallel_workers=16, event_handlers=None, ignore_user_meta=False, metas=['./colcon.meta'], base_paths=['.'], packages_ignore=None, packages_ignore_regex=None, paths=None, packages_up_to=None, packages_up_to_regex=None, packages_above=None, packages_above_and_dependencies=None, packages_above_depth=None, packages_select_by_dep=None, packages_skip_by_dep=None, packages_skip_up_to=None, packages_select_build_failed=False, packages_skip_build_finished=False, packages_select_test_failures=False, packages_skip_test_passed=False, packages_select=None, packages_skip=None, packages_select_regex=None, packages_skip_regex=None, packages_start=None, packages_end=None, allow_overriding=[], cmake_args=None, cmake_target=None, cmake_target_skip_unavailable=False, cmake_clean_cache=False, cmake_clean_first=False, cmake_force_configure=False, ament_cmake_args=None, catkin_cmake_args=None, catkin_skip_building_tests=False, verb_parser=<colcon_defaults.argument_parser.defaults.DefaultArgumentsDecorator object at 0x7f6e4cbf3b60>, verb_extension=<colcon_core.verb.build.BuildVerb object at 0x7f6e4cd9c3e0>, main=<bound method BuildVerb.main of <colcon_core.verb.build.BuildVerb object at 0x7f6e4cd9c3e0>>)
[0.268s] Level 1:colcon.colcon_core.package_discovery:discover_packages(colcon_meta) check parameters
[0.268s] Level 1:colcon.colcon_core.package_discovery:discover_packages(recursive) check parameters
[0.268s] Level 1:colcon.colcon_core.package_discovery:discover_packages(ignore) check parameters
[0.268s] Level 1:colcon.colcon_core.package_discovery:discover_packages(path) check parameters
[0.268s] Level 1:colcon.colcon_core.package_discovery:discover_packages(colcon_meta) discover
[0.268s] Level 1:colcon.colcon_core.package_discovery:discover_packages(recursive) discover
[0.268s] INFO:colcon.colcon_core.package_discovery:Crawling recursively for packages in '/home/ubuntu/Serial-Com'
[0.268s] Level 1:colcon.colcon_core.package_identification:_identify(.) by extensions ['ignore', 'ignore_ament_install']
[0.269s] Level 1:colcon.colcon_core.package_identification:_identify(.) by extension 'ignore'
[0.269s] Level 1:colcon.colcon_core.package_identification:_identify(.) by extension 'ignore_ament_install'
[0.269s] Level 1:colcon.colcon_core.package_identification:_identify(.) by extensions ['colcon_pkg']
[0.269s] Level 1:colcon.colcon_core.package_identification:_identify(.) by extension 'colcon_pkg'
[0.269s] Level 1:colcon.colcon_core.package_identification:_identify(.) by extensions ['colcon_meta']
[0.269s] Level 1:colcon.colcon_core.package_identification:_identify(.) by extension 'colcon_meta'
[0.269s] Level 1:colcon.colcon_core.package_identification:_identify(.) by extensions ['ros']
[0.269s] Level 1:colcon.colcon_core.package_identification:_identify(.) by extension 'ros'
[0.305s] DEBUG:colcon.colcon_core.package_identification:Package '.' with type 'ros.ament_cmake' and name 'serial-com'
[0.305s] Level 1:colcon.colcon_core.package_discovery:discover_packages(recursive) using defaults
[0.305s] Level 1:colcon.colcon_core.package_discovery:discover_packages(ignore) discover
[0.305s] Level 1:colcon.colcon_core.package_discovery:discover_packages(ignore) using defaults
[0.305s] Level 1:colcon.colcon_core.package_discovery:discover_packages(path) discover
[0.305s] Level 1:colcon.colcon_core.package_discovery:discover_packages(path) using defaults
[0.334s] Level 1:colcon.colcon_core.package_discovery:discover_packages(prefix_path) check parameters
[0.334s] Level 1:colcon.colcon_core.package_discovery:discover_packages(prefix_path) discover
[0.338s] DEBUG:colcon.colcon_installed_package_information.package_discovery:Found 1 installed packages in /home/ubuntu/Serial-Com/install
[0.339s] DEBUG:colcon.colcon_installed_package_information.package_discovery:Found 390 installed packages in /opt/ros/jazzy
[0.340s] Level 1:colcon.colcon_core.package_discovery:discover_packages(prefix_path) using defaults
[0.390s] Level 5:colcon.colcon_core.verb:set package 'serial-com' build argument 'cmake_args' from command line to 'None'
[0.390s] Level 5:colcon.colcon_core.verb:set package 'serial-com' build argument 'cmake_target' from command line to 'None'
[0.390s] Level 5:colcon.colcon_core.verb:set package 'serial-com' build argument 'cmake_target_skip_unavailable' from command line to 'False'
[0.390s] Level 5:colcon.colcon_core.verb:set package 'serial-com' build argument 'cmake_clean_cache' from command line to 'False'
[0.390s] Level 5:colcon.colcon_core.verb:set package 'serial-com' build argument 'cmake_clean_first' from command line to 'False'
[0.390s] Level 5:colcon.colcon_core.verb:set package 'serial-com' build argument 'cmake_force_configure' from command line to 'False'
[0.390s] Level 5:colcon.colcon_core.verb:set package 'serial-com' build argument 'ament_cmake_args' from command line to 'None'
[0.390s] Level 5:colcon.colcon_core.verb:set package 'serial-com' build argument 'catkin_cmake_args' from command line to 'None'
[0.390s] Level 5:colcon.colcon_core.verb:set package 'serial-com' build argument 'catkin_skip_building_tests' from command line to 'False'
[0.390s] DEBUG:colcon.colcon_core.verb:Building package 'serial-com' with the following arguments: {'ament_cmake_args': None, 'build_base': '/home/ubuntu/Serial-Com/build/serial-com', 'catkin_cmake_args': None, 'catkin_skip_building_tests': False, 'cmake_args': None, 'cmake_clean_cache': False, 'cmake_clean_first': False, 'cmake_force_configure': False, 'cmake_target': None, 'cmake_target_skip_unavailable': False, 'install_base': '/home/ubuntu/Serial-Com/install/serial-com', 'merge_install': False, 'path': '/home/ubuntu/Serial-Com', 'symlink_install': True, 'test_result_base': None}
[0.390s] INFO:colcon.colcon_core.executor:Executing jobs using 'parallel' executor
[0.391s] DEBUG:colcon.colcon_parallel_executor.executor.parallel:run_until_complete
[0.392s] INFO:colcon.colcon_ros.task.ament_cmake.build:Building ROS package in '/home/ubuntu/Serial-Com' with build type 'ament_cmake'
[0.392s] INFO:colcon.colcon_cmake.task.cmake.build:Building CMake package in '/home/ubuntu/Serial-Com'
[0.398s] INFO:colcon.colcon_core.plugin_system:Skipping extension 'colcon_core.shell.bat': Not used on non-Windows systems
[0.398s] INFO:colcon.colcon_core.shell:Skip shell extension 'powershell' for command environment: Not usable outside of PowerShell
[0.398s] DEBUG:colcon.colcon_core.shell:Skip shell extension 'dsv' for command environment
[0.408s] DEBUG:colcon.colcon_core.event_handler.log_command:Invoking command in '/home/ubuntu/Serial-Com/build/serial-com': CMAKE_PREFIX_PATH=${CMAKE_PREFIX_PATH}:/opt/ros/jazzy /usr/bin/cmake --build /home/ubuntu/Serial-Com/build/serial-com -- -j16 -l16
[8.463s] DEBUG:colcon.colcon_core.event_handler.log_command:Invoked command in '/home/ubuntu/Serial-Com/build/serial-com' returned '0': CMAKE_PREFIX_PATH=${CMAKE_PREFIX_PATH}:/opt/ros/jazzy /usr/bin/cmake --build /home/ubuntu/Serial-Com/build/serial-com -- -j16 -l16
[8.472s] DEBUG:colcon.colcon_core.event_handler.log_command:Invoking command in '/home/ubuntu/Serial-Com/build/serial-com': CMAKE_PREFIX_PATH=${CMAKE_PREFIX_PATH}:/opt/ros/jazzy /usr/bin/cmake --install /home/ubuntu/Serial-Com/build/serial-com
[8.496s] Level 1:colcon.colcon_core.environment:create_environment_scripts_only(serial-com)
[8.497s] DEBUG:colcon.colcon_core.event_handler.log_command:Invoked command in '/home/ubuntu/Serial-Com/build/serial-com' returned '0': CMAKE_PREFIX_PATH=${CMAKE_PREFIX_PATH}:/opt/ros/jazzy /usr/bin/cmake --install /home/ubuntu/Serial-Com/build/serial-com
[8.503s] Level 1:colcon.colcon_core.environment:checking '/home/ubuntu/Serial-Com/install/serial-com' for CMake module files
[8.504s] Level 1:colcon.colcon_core.environment:checking '/home/ubuntu/Serial-Com/install/serial-com' for CMake config files
[8.504s] Level 1:colcon.colcon_core.shell:create_environment_hook('serial-com', 'cmake_prefix_path')
[8.504s] INFO:colcon.colcon_core.shell:Creating environment hook '/home/ubuntu/Serial-Com/install/serial-com/share/serial-com/hook/cmake_prefix_path.ps1'
[8.505s] INFO:colcon.colcon_core.shell:Creating environment descriptor '/home/ubuntu/Serial-Com/install/serial-com/share/serial-com/hook/cmake_prefix_path.dsv'
[8.505s] INFO:colcon.colcon_core.shell:Creating environment hook '/home/ubuntu/Serial-Com/install/serial-com/share/serial-com/hook/cmake_prefix_path.sh'
[8.506s] Level 1:colcon.colcon_core.environment:checking '/home/ubuntu/Serial-Com/install/serial-com/lib'
[8.506s] Level 1:colcon.colcon_core.environment:checking '/home/ubuntu/Serial-Com/install/serial-com/bin'
[8.506s] Level 1:colcon.colcon_core.environment:checking '/home/ubuntu/Serial-Com/install/serial-com/lib/pkgconfig/serial-com.pc'
[8.507s] Level 1:colcon.colcon_core.environment:checking '/home/ubuntu/Serial-Com/install/serial-com/lib/python3.12/site-packages'
[8.507s] Level 1:colcon.colcon_core.environment:checking '/home/ubuntu/Serial-Com/install/serial-com/bin'
[8.507s] INFO:colcon.colcon_core.shell:Creating package script '/home/ubuntu/Serial-Com/install/serial-com/share/serial-com/package.ps1'
[8.508s] INFO:colcon.colcon_core.shell:Creating package descriptor '/home/ubuntu/Serial-Com/install/serial-com/share/serial-com/package.dsv'
[8.509s] INFO:colcon.colcon_core.shell:Creating package script '/home/ubuntu/Serial-Com/install/serial-com/share/serial-com/package.sh'
[8.509s] INFO:colcon.colcon_core.shell:Creating package script '/home/ubuntu/Serial-Com/install/serial-com/share/serial-com/package.bash'
[8.510s] INFO:colcon.colcon_core.shell:Creating package script '/home/ubuntu/Serial-Com/install/serial-com/share/serial-com/package.zsh'
[8.511s] Level 1:colcon.colcon_core.environment:create_file_with_runtime_dependencies(/home/ubuntu/Serial-Com/install/serial-com/share/colcon-core/packages/serial-com)
[8.511s] Level 1:colcon.colcon_core.environment:create_environment_scripts_only(serial-com)
[8.511s] Level 1:colcon.colcon_core.environment:checking '/home/ubuntu/Serial-Com/install/serial-com' for CMake module files
[8.512s] Level 1:colcon.colcon_core.environment:checking '/home/ubuntu/Serial-Com/install/serial-com' for CMake config files
[8.512s] Level 1:colcon.colcon_core.shell:create_environment_hook('serial-com', 'cmake_prefix_path')
[8.512s] INFO:colcon.colcon_core.shell:Creating environment hook '/home/ubuntu/Serial-Com/install/serial-com/share/serial-com/hook/cmake_prefix_path.ps1'
[8.513s] INFO:colcon.colcon_core.shell:Creating environment descriptor '/home/ubuntu/Serial-Com/install/serial-com/share/serial-com/hook/cmake_prefix_path.dsv'
[8.513s] INFO:colcon.colcon_core.shell:Creating environment hook '/home/ubuntu/Serial-Com/install/serial-com/share/serial-com/hook/cmake_prefix_path.sh'
[8.513s] Level 1:colcon.colcon_core.environment:checking '/home/ubuntu/Serial-Com/install/serial-com/lib'
[8.514s] Level 1:colcon.colcon_core.environment:checking '/home/ubuntu/Serial-Com/install/serial-com/bin'
[8.514s] Level 1:colcon.colcon_core.environment:checking '/home/ubuntu/Serial-Com/install/serial-com/lib/pkgconfig/serial-com.pc'
[8.514s] Level 1:colcon.colcon_core.environment:checking '/home/ubuntu/Serial-Com/install/serial-com/lib/python3.12/site-packages'
[8.514s] Level 1:colcon.colcon_core.environment:checking '/home/ubuntu/Serial-Com/install/serial-com/bin'
[8.514s] INFO:colcon.colcon_core.shell:Creating package script '/home/ubuntu/Serial-Com/install/serial-com/share/serial-com/package.ps1'
[8.515s] INFO:colcon.colcon_core.shell:Creating package descriptor '/home/ubuntu/Serial-Com/install/serial-com/share/serial-com/package.dsv'
[8.515s] INFO:colcon.colcon_core.shell:Creating package script '/home/ubuntu/Serial-Com/install/serial-com/share/serial-com/package.sh'
[8.515s] INFO:colcon.colcon_core.shell:Creating package script '/home/ubuntu/Serial-Com/install/serial-com/share/serial-com/package.bash'
[8.516s] INFO:colcon.colcon_core.shell:Creating package script '/home/ubuntu/Serial-Com/install/serial-com/share/serial-com/package.zsh'
[8.516s] Level 1:colcon.colcon_core.environment:create_file_with_runtime_dependencies(/home/ubuntu/Serial-Com/install/serial-com/share/colcon-core/packages/serial-com)
[8.517s] DEBUG:colcon.colcon_parallel_executor.executor.parallel:closing loop
[8.517s] DEBUG:colcon.colcon_parallel_executor.executor.parallel:loop closed
[8.517s] DEBUG:colcon.colcon_parallel_executor.executor.parallel:run_until_complete finished with '0'
[8.518s] DEBUG:colcon.colcon_core.event_reactor:joining thread
[8.524s] INFO:colcon.colcon_core.plugin_system:Skipping extension 'colcon_notification.desktop_notification.terminal_notifier': Not used on non-Darwin systems
[8.524s] INFO:colcon.colcon_core.plugin_system:Skipping extension 'colcon_notification.desktop_notification.win32': Not used on non-Windows systems
[8.524s] INFO:colcon.colcon_notification.desktop_notification:Sending desktop notification using 'notify2'
[8.702s] DEBUG:colcon.colcon_core.event_reactor:joined thread
[8.702s] INFO:colcon.colcon_core.shell:Creating prefix script '/home/ubuntu/Serial-Com/install/local_setup.ps1'
[8.703s] INFO:colcon.colcon_core.shell:Creating prefix util module '/home/ubuntu/Serial-Com/install/_local_setup_util_ps1.py'
[8.705s] INFO:colcon.colcon_core.shell:Creating prefix chain script '/home/ubuntu/Serial-Com/install/setup.ps1'
[8.705s] INFO:colcon.colcon_core.shell:Creating prefix script '/home/ubuntu/Serial-Com/install/local_setup.sh'
[8.706s] INFO:colcon.colcon_core.shell:Creating prefix util module '/home/ubuntu/Serial-Com/install/_local_setup_util_sh.py'
[8.707s] INFO:colcon.colcon_core.shell:Creating prefix chain script '/home/ubuntu/Serial-Com/install/setup.sh'
[8.708s] INFO:colcon.colcon_core.shell:Creating prefix script '/home/ubuntu/Serial-Com/install/local_setup.bash'
[8.708s] INFO:colcon.colcon_core.shell:Creating prefix chain script '/home/ubuntu/Serial-Com/install/setup.bash'
[8.709s] INFO:colcon.colcon_core.shell:Creating prefix script '/home/ubuntu/Serial-Com/install/local_setup.zsh'
[8.710s] INFO:colcon.colcon_core.shell:Creating prefix chain script '/home/ubuntu/Serial-Com/install/setup.zsh'
