[0.015s] Invoking command in '/home/ubuntu/Serial-Com/build/serial-com': CMAKE_PREFIX_PATH=${CMAKE_PREFIX_PATH}:/opt/ros/jazzy /usr/bin/cmake --build /home/ubuntu/Serial-Com/build/serial-com -- -j16 -l16
[0.076s] [ 50%] [32mBuilding CXX object CMakeFiles/keyboardR_SerialP.dir/node/keyboardR_SerialP.cpp.o[0m
[7.321s] [100%] [32m[1mLinking CXX executable keyboardR_SerialP[0m
[7.683s] [100%] Built target keyboardR_SerialP
[7.695s] Invoked command in '/home/ubuntu/Serial-Com/build/serial-com' returned '0': CMAKE_PREFIX_PATH=${CMAKE_PREFIX_PATH}:/opt/ros/jazzy /usr/bin/cmake --build /home/ubuntu/Serial-Com/build/serial-com -- -j16 -l16
[7.704s] Invoking command in '/home/ubuntu/Serial-Com/build/serial-com': CMAKE_PREFIX_PATH=${CMAKE_PREFIX_PATH}:/opt/ros/jazzy /usr/bin/cmake --install /home/ubuntu/Serial-Com/build/serial-com
[7.712s] -- Install configuration: ""
[7.714s] -- Execute custom install script
[7.715s] -- Up-to-date symlink: /home/ubuntu/Serial-Com/install/serial-com/share/serial-com/launch/keyboard.launch.py
[7.715s] -- Up-to-date symlink: /home/ubuntu/Serial-Com/install/serial-com/share/serial-com/node/keyboardR_SerialP.cpp
[7.716s] -- Up-to-date symlink: /home/ubuntu/Serial-Com/install/serial-com/lib/serial-com/keyboardR_SerialP
[7.716s] -- Up-to-date symlink: /home/ubuntu/Serial-Com/install/serial-com/share/ament_index/resource_index/package_run_dependencies/serial-com
[7.716s] -- Up-to-date symlink: /home/ubuntu/Serial-Com/install/serial-com/share/ament_index/resource_index/parent_prefix_path/serial-com
[7.716s] -- Up-to-date symlink: /home/ubuntu/Serial-Com/install/serial-com/share/serial-com/environment/ament_prefix_path.sh
[7.716s] -- Up-to-date symlink: /home/ubuntu/Serial-Com/install/serial-com/share/serial-com/environment/ament_prefix_path.dsv
[7.716s] -- Up-to-date symlink: /home/ubuntu/Serial-Com/install/serial-com/share/serial-com/environment/path.sh
[7.717s] -- Up-to-date symlink: /home/ubuntu/Serial-Com/install/serial-com/share/serial-com/environment/path.dsv
[7.717s] -- Up-to-date symlink: /home/ubuntu/Serial-Com/install/serial-com/share/serial-com/local_setup.bash
[7.717s] -- Up-to-date symlink: /home/ubuntu/Serial-Com/install/serial-com/share/serial-com/local_setup.sh
[7.717s] -- Up-to-date symlink: /home/ubuntu/Serial-Com/install/serial-com/share/serial-com/local_setup.zsh
[7.717s] -- Up-to-date symlink: /home/ubuntu/Serial-Com/install/serial-com/share/serial-com/local_setup.dsv
[7.717s] -- Symlinking: /home/ubuntu/Serial-Com/install/serial-com/share/serial-com/package.dsv
[7.727s] -- Up-to-date symlink: /home/ubuntu/Serial-Com/install/serial-com/share/ament_index/resource_index/packages/serial-com
[7.727s] -- Up-to-date symlink: /home/ubuntu/Serial-Com/install/serial-com/share/serial-com/cmake/serial-comConfig.cmake
[7.727s] -- Up-to-date symlink: /home/ubuntu/Serial-Com/install/serial-com/share/serial-com/cmake/serial-comConfig-version.cmake
[7.727s] -- Up-to-date symlink: /home/ubuntu/Serial-Com/install/serial-com/share/serial-com/package.xml
[7.729s] Invoked command in '/home/ubuntu/Serial-Com/build/serial-com' returned '0': CMAKE_PREFIX_PATH=${CMAKE_PREFIX_PATH}:/opt/ros/jazzy /usr/bin/cmake --install /home/ubuntu/Serial-Com/build/serial-com
