[0.013s] Invoking command in '/home/ubuntu/Serial-Com/build/serial-com': CMAKE_PREFIX_PATH=${CMAKE_PREFIX_PATH}:/opt/ros/jazzy /usr/bin/cmake --build /home/ubuntu/Serial-Com/build/serial-com -- -j16 -l16
[0.037s] -- Found ament_cmake: 2.5.3 (/opt/ros/jazzy/share/ament_cmake/cmake)
[0.243s] -- Override CMake install command with custom implementation using symlinks instead of copying resources
[0.250s] -- Found rclcpp: 28.1.6 (/opt/ros/jazzy/share/rclcpp/cmake)
[0.277s] -- Found rosidl_generator_c: 4.6.5 (/opt/ros/jazzy/share/rosidl_generator_c/cmake)
[0.286s] -- Found rosidl_generator_cpp: 4.6.5 (/opt/ros/jazzy/share/rosidl_generator_cpp/cmake)
[0.295s] -- Using all available rosidl_typesupport_c: rosidl_typesupport_fastrtps_c;rosidl_typesupport_introspection_c
[0.306s] -- Using all available rosidl_typesupport_cpp: rosidl_typesupport_fastrtps_cpp;rosidl_typesupport_introspection_cpp
[0.361s] -- Found rmw_implementation_cmake: 7.3.1 (/opt/ros/jazzy/share/rmw_implementation_cmake/cmake)
[0.362s] -- Found rmw_fastrtps_cpp: 8.4.1 (/opt/ros/jazzy/share/rmw_fastrtps_cpp/cmake)
[0.429s] -- Using RMW implementation 'rmw_fastrtps_cpp' as default
[0.490s] -- Found geometry_msgs: 5.3.5 (/opt/ros/jazzy/share/geometry_msgs/cmake)
[0.518s] -- Found ament_lint_auto: 0.17.1 (/opt/ros/jazzy/share/ament_lint_auto/cmake)
[0.643s] -- Added test 'cppcheck' to perform static code analysis on C / C++ code
[0.644s] -- Configured cppcheck include dirs: 
[0.644s] -- Configured cppcheck exclude dirs and/or files: 
[0.648s] -- Added test 'flake8' to check Python code syntax and style conventions
[0.648s] -- Configured 'flake8' exclude dirs and/or files: 
[0.653s] -- Added test 'lint_cmake' to check CMake code style
[0.656s] -- Added test 'pep257' to check Python code against some of the docstring style conventions in PEP 257
[0.675s] -- Added test 'uncrustify' to check C / C++ code style
[0.675s] -- Configured uncrustify additional arguments: 
[0.678s] -- Added test 'xmllint' to check XML markup files
[0.679s] -- Configuring done (0.6s)
[0.688s] -- Generating done (0.0s)
[0.691s] -- Build files have been written to: /home/ubuntu/Serial-Com/build/serial-com
[0.737s] [100%] Built target keyboardR_SerialP
[0.748s] Invoked command in '/home/ubuntu/Serial-Com/build/serial-com' returned '0': CMAKE_PREFIX_PATH=${CMAKE_PREFIX_PATH}:/opt/ros/jazzy /usr/bin/cmake --build /home/ubuntu/Serial-Com/build/serial-com -- -j16 -l16
[0.757s] Invoking command in '/home/ubuntu/Serial-Com/build/serial-com': CMAKE_PREFIX_PATH=${CMAKE_PREFIX_PATH}:/opt/ros/jazzy /usr/bin/cmake --install /home/ubuntu/Serial-Com/build/serial-com
[0.763s] -- Install configuration: ""
[0.764s] -- Execute custom install script
[0.764s] -- Up-to-date symlink: /home/ubuntu/Serial-Com/install/serial-com/share/serial-com/launch/keyboard.launch.py
[0.764s] -- Up-to-date symlink: /home/ubuntu/Serial-Com/install/serial-com/share/serial-com/node/keyboardR_SerialP.cpp
[0.764s] [31mCMake Error at ament_cmake_symlink_install/ament_cmake_symlink_install.cmake:204 (message):
[0.765s]   ament_cmake_symlink_install_programs() can't find
[0.765s]   '/home/ubuntu/Serial-Com/keyboardR_SerialP'
[0.765s] Call Stack (most recent call first):
[0.765s]   ament_cmake_symlink_install/ament_cmake_symlink_install.cmake:317 (ament_cmake_symlink_install_programs)
[0.765s]   cmake_install.cmake:46 (include)
[0.765s] 
[0.765s] [0m
[0.766s] Invoked command in '/home/ubuntu/Serial-Com/build/serial-com' returned '1': CMAKE_PREFIX_PATH=${CMAKE_PREFIX_PATH}:/opt/ros/jazzy /usr/bin/cmake --install /home/ubuntu/Serial-Com/build/serial-com
